#name src/test/resources/scanner/input/all_else_true.cl.cool
#1 TElse "else"
#2 TElse "Else"
#3 TElse "eLse"
#4 TElse "elSe"
#5 TElse "elsE"
#6 TElse "ELse"
#7 TElse "ElSe"
#8 TElse "ElsE"
#9 TElse "eLSe"
#10 TElse "eLsE"
#11 TElse "elSE"
#12 TElse "eLSE"
#13 TElse "ElSE"
#14 TElse "ELsE"
#15 TElse "ELSe"
#16 TElse "ELSE"
#18 TBoolConst "true"
#19 TBoolConst "tRue"
#20 TBoolConst "trUe"
#21 TBoolConst "truE"
#22 TBoolConst "tRUe"
#23 TBoolConst "tRuE"
#24 TBoolConst "trUE"
#25 TBoolConst "tRUE"
#26 TTypeId "True"
#27 TTypeId "TRue"
#28 TTypeId "TrUe"
#29 TTypeId "TruE"
#30 TTypeId "TRUe"
#31 TTypeId "TRuE"
#32 TTypeId "TrUE"
#33 TTypeId "TRUE"
