#name src/test/resources/scanner/input/arith.cool
#7 TKlass "class"
#7 TTypeId "A"
#7 TLbrace "{"
#9 TObjectId "var"
#9 TColon ":"
#9 TTypeId "Int"
#9 TAssign "<-"
#9 TIntConst "0"
#9 TSemi ";"
#11 TObjectId "value"
#11 TLparen "("
#11 TRparen ")"
#11 TColon ":"
#11 TTypeId "Int"
#11 TLbrace "{"
#11 TObjectId "var"
#11 TRbrace "}"
#11 TSemi ";"
#13 TObjectId "set_var"
#13 TLparen "("
#13 TObjectId "num"
#13 TColon ":"
#13 TTypeId "Int"
#13 TRparen ")"
#13 TColon ":"
#13 TTypeId "SELF_TYPE"
#13 TLbrace "{"
#14 TLbrace "{"
#15 TObjectId "var"
#15 TAssign "<-"
#15 TObjectId "num"
#15 TSemi ";"
#16 TObjectId "self"
#16 TSemi ";"
#17 TRbrace "}"
#18 TRbrace "}"
#18 TSemi ";"
#20 TObjectId "method1"
#20 TLparen "("
#20 TObjectId "num"
#20 TColon ":"
#20 TTypeId "Int"
#20 TRparen ")"
#20 TColon ":"
#20 TTypeId "SELF_TYPE"
#20 TLbrace "{"
#21 TObjectId "self"
#22 TRbrace "}"
#22 TSemi ";"
#24 TObjectId "method2"
#24 TLparen "("
#24 TObjectId "num1"
#24 TColon ":"
#24 TTypeId "Int"
#24 TComma ","
#24 TObjectId "num2"
#24 TColon ":"
#24 TTypeId "Int"
#24 TRparen ")"
#24 TColon ":"
#24 TTypeId "B"
#24 TLbrace "{"
#25 TLparen "("
#25 TLet "let"
#25 TObjectId "x"
#25 TColon ":"
#25 TTypeId "Int"
#25 TIn "in"
#26 TLbrace "{"
#27 TObjectId "x"
#27 TAssign "<-"
#27 TObjectId "num1"
#27 TPlus "+"
#27 TObjectId "num2"
#27 TSemi ";"
#28 TLparen "("
#28 TNew "new"
#28 TTypeId "B"
#28 TRparen ")"
#28 TDot "."
#28 TObjectId "set_var"
#28 TLparen "("
#28 TObjectId "x"
#28 TRparen ")"
#28 TSemi ";"
#29 TRbrace "}"
#30 TRparen ")"
#31 TRbrace "}"
#31 TSemi ";"
#33 TObjectId "method3"
#33 TLparen "("
#33 TObjectId "num"
#33 TColon ":"
#33 TTypeId "Int"
#33 TRparen ")"
#33 TColon ":"
#33 TTypeId "C"
#33 TLbrace "{"
#34 TLparen "("
#34 TLet "let"
#34 TObjectId "x"
#34 TColon ":"
#34 TTypeId "Int"
#34 TIn "in"
#35 TLbrace "{"
#36 TObjectId "x"
#36 TAssign "<-"
#36 TNeg "~"
#36 TObjectId "num"
#36 TSemi ";"
#37 TLparen "("
#37 TNew "new"
#37 TTypeId "C"
#37 TRparen ")"
#37 TDot "."
#37 TObjectId "set_var"
#37 TLparen "("
#37 TObjectId "x"
#37 TRparen ")"
#37 TSemi ";"
#38 TRbrace "}"
#39 TRparen ")"
#40 TRbrace "}"
#40 TSemi ";"
#42 TObjectId "method4"
#42 TLparen "("
#42 TObjectId "num1"
#42 TColon ":"
#42 TTypeId "Int"
#42 TComma ","
#42 TObjectId "num2"
#42 TColon ":"
#42 TTypeId "Int"
#42 TRparen ")"
#42 TColon ":"
#42 TTypeId "D"
#42 TLbrace "{"
#43 TIf "if"
#43 TObjectId "num2"
#43 TLt "<"
#43 TObjectId "num1"
#43 TThen "then"
#44 TLparen "("
#44 TLet "let"
#44 TObjectId "x"
#44 TColon ":"
#44 TTypeId "Int"
#44 TIn "in"
#45 TLbrace "{"
#46 TObjectId "x"
#46 TAssign "<-"
#46 TObjectId "num1"
#46 TMinus "-"
#46 TObjectId "num2"
#46 TSemi ";"
#47 TLparen "("
#47 TNew "new"
#47 TTypeId "D"
#47 TRparen ")"
#47 TDot "."
#47 TObjectId "set_var"
#47 TLparen "("
#47 TObjectId "x"
#47 TRparen ")"
#47 TSemi ";"
#48 TRbrace "}"
#49 TRparen ")"
#50 TElse "else"
#51 TLparen "("
#51 TLet "let"
#51 TObjectId "x"
#51 TColon ":"
#51 TTypeId "Int"
#51 TIn "in"
#52 TLbrace "{"
#53 TObjectId "x"
#53 TAssign "<-"
#53 TObjectId "num2"
#53 TMinus "-"
#53 TObjectId "num1"
#53 TSemi ";"
#54 TLparen "("
#54 TNew "new"
#54 TTypeId "D"
#54 TRparen ")"
#54 TDot "."
#54 TObjectId "set_var"
#54 TLparen "("
#54 TObjectId "x"
#54 TRparen ")"
#54 TSemi ";"
#55 TRbrace "}"
#56 TRparen ")"
#57 TFi "fi"
#58 TRbrace "}"
#58 TSemi ";"
#60 TObjectId "method5"
#60 TLparen "("
#60 TObjectId "num"
#60 TColon ":"
#60 TTypeId "Int"
#60 TRparen ")"
#60 TColon ":"
#60 TTypeId "E"
#60 TLbrace "{"
#61 TLparen "("
#61 TLet "let"
#61 TObjectId "x"
#61 TColon ":"
#61 TTypeId "Int"
#61 TAssign "<-"
#61 TIntConst "1"
#61 TIn "in"
#62 TLbrace "{"
#63 TLparen "("
#63 TLet "let"
#63 TObjectId "y"
#63 TColon ":"
#63 TTypeId "Int"
#63 TAssign "<-"
#63 TIntConst "1"
#63 TIn "in"
#64 TWhile "while"
#64 TObjectId "y"
#64 TLe "<="
#64 TObjectId "num"
#64 TLoop "loop"
#65 TLbrace "{"
#66 TObjectId "x"
#66 TAssign "<-"
#66 TObjectId "x"
#66 TMult "*"
#66 TObjectId "y"
#66 TSemi ";"
#67 TObjectId "y"
#67 TAssign "<-"
#67 TObjectId "y"
#67 TPlus "+"
#67 TIntConst "1"
#67 TSemi ";"
#68 TRbrace "}"
#69 TPool "pool"
#70 TRparen ")"
#70 TSemi ";"
#71 TLparen "("
#71 TNew "new"
#71 TTypeId "E"
#71 TRparen ")"
#71 TDot "."
#71 TObjectId "set_var"
#71 TLparen "("
#71 TObjectId "x"
#71 TRparen ")"
#71 TSemi ";"
#72 TRbrace "}"
#73 TRparen ")"
#74 TRbrace "}"
#74 TSemi ";"
#76 TRbrace "}"
#76 TSemi ";"
#78 TKlass "class"
#78 TTypeId "B"
#78 TInherits "inherits"
#78 TTypeId "A"
#78 TLbrace "{"
#80 TObjectId "method5"
#80 TLparen "("
#80 TObjectId "num"
#80 TColon ":"
#80 TTypeId "Int"
#80 TRparen ")"
#80 TColon ":"
#80 TTypeId "E"
#80 TLbrace "{"
#81 TLparen "("
#81 TLet "let"
#81 TObjectId "x"
#81 TColon ":"
#81 TTypeId "Int"
#81 TIn "in"
#82 TLbrace "{"
#83 TObjectId "x"
#83 TAssign "<-"
#83 TObjectId "num"
#83 TMult "*"
#83 TObjectId "num"
#83 TSemi ";"
#84 TLparen "("
#84 TNew "new"
#84 TTypeId "E"
#84 TRparen ")"
#84 TDot "."
#84 TObjectId "set_var"
#84 TLparen "("
#84 TObjectId "x"
#84 TRparen ")"
#84 TSemi ";"
#85 TRbrace "}"
#86 TRparen ")"
#87 TRbrace "}"
#87 TSemi ";"
#89 TRbrace "}"
#89 TSemi ";"
#91 TKlass "class"
#91 TTypeId "C"
#91 TInherits "inherits"
#91 TTypeId "B"
#91 TLbrace "{"
#93 TObjectId "method6"
#93 TLparen "("
#93 TObjectId "num"
#93 TColon ":"
#93 TTypeId "Int"
#93 TRparen ")"
#93 TColon ":"
#93 TTypeId "A"
#93 TLbrace "{"
#94 TLparen "("
#94 TLet "let"
#94 TObjectId "x"
#94 TColon ":"
#94 TTypeId "Int"
#94 TIn "in"
#95 TLbrace "{"
#96 TObjectId "x"
#96 TAssign "<-"
#96 TNeg "~"
#96 TObjectId "num"
#96 TSemi ";"
#97 TLparen "("
#97 TNew "new"
#97 TTypeId "A"
#97 TRparen ")"
#97 TDot "."
#97 TObjectId "set_var"
#97 TLparen "("
#97 TObjectId "x"
#97 TRparen ")"
#97 TSemi ";"
#98 TRbrace "}"
#99 TRparen ")"
#100 TRbrace "}"
#100 TSemi ";"
#102 TObjectId "method5"
#102 TLparen "("
#102 TObjectId "num"
#102 TColon ":"
#102 TTypeId "Int"
#102 TRparen ")"
#102 TColon ":"
#102 TTypeId "E"
#102 TLbrace "{"
#103 TLparen "("
#103 TLet "let"
#103 TObjectId "x"
#103 TColon ":"
#103 TTypeId "Int"
#103 TIn "in"
#104 TLbrace "{"
#105 TObjectId "x"
#105 TAssign "<-"
#105 TObjectId "num"
#105 TMult "*"
#105 TObjectId "num"
#105 TMult "*"
#105 TObjectId "num"
#105 TSemi ";"
#106 TLparen "("
#106 TNew "new"
#106 TTypeId "E"
#106 TRparen ")"
#106 TDot "."
#106 TObjectId "set_var"
#106 TLparen "("
#106 TObjectId "x"
#106 TRparen ")"
#106 TSemi ";"
#107 TRbrace "}"
#108 TRparen ")"
#109 TRbrace "}"
#109 TSemi ";"
#111 TRbrace "}"
#111 TSemi ";"
#113 TKlass "class"
#113 TTypeId "D"
#113 TInherits "inherits"
#113 TTypeId "B"
#113 TLbrace "{"
#115 TObjectId "method7"
#115 TLparen "("
#115 TObjectId "num"
#115 TColon ":"
#115 TTypeId "Int"
#115 TRparen ")"
#115 TColon ":"
#115 TTypeId "Bool"
#115 TLbrace "{"
#116 TLparen "("
#116 TLet "let"
#116 TObjectId "x"
#116 TColon ":"
#116 TTypeId "Int"
#116 TAssign "<-"
#116 TObjectId "num"
#116 TIn "in"
#117 TIf "if"
#117 TObjectId "x"
#117 TLt "<"
#117 TIntConst "0"
#117 TThen "then"
#117 TObjectId "method7"
#117 TLparen "("
#117 TNeg "~"
#117 TObjectId "x"
#117 TRparen ")"
#117 TElse "else"
#118 TIf "if"
#118 TIntConst "0"
#118 TEq "="
#118 TObjectId "x"
#118 TThen "then"
#118 TBoolConst "true"
#118 TElse "else"
#119 TIf "if"
#119 TIntConst "1"
#119 TEq "="
#119 TObjectId "x"
#119 TThen "then"
#119 TBoolConst "false"
#119 TElse "else"
#120 TIf "if"
#120 TIntConst "2"
#120 TEq "="
#120 TObjectId "x"
#120 TThen "then"
#120 TBoolConst "false"
#120 TElse "else"
#121 TObjectId "method7"
#121 TLparen "("
#121 TObjectId "x"
#121 TMinus "-"
#121 TIntConst "3"
#121 TRparen ")"
#122 TFi "fi"
#122 TFi "fi"
#122 TFi "fi"
#122 TFi "fi"
#123 TRparen ")"
#124 TRbrace "}"
#124 TSemi ";"
#126 TRbrace "}"
#126 TSemi ";"
#128 TKlass "class"
#128 TTypeId "E"
#128 TInherits "inherits"
#128 TTypeId "D"
#128 TLbrace "{"
#130 TObjectId "method6"
#130 TLparen "("
#130 TObjectId "num"
#130 TColon ":"
#130 TTypeId "Int"
#130 TRparen ")"
#130 TColon ":"
#130 TTypeId "A"
#130 TLbrace "{"
#131 TLparen "("
#131 TLet "let"
#131 TObjectId "x"
#131 TColon ":"
#131 TTypeId "Int"
#131 TIn "in"
#132 TLbrace "{"
#133 TObjectId "x"
#133 TAssign "<-"
#133 TObjectId "num"
#133 TDiv "/"
#133 TIntConst "8"
#133 TSemi ";"
#134 TLparen "("
#134 TNew "new"
#134 TTypeId "A"
#134 TRparen ")"
#134 TDot "."
#134 TObjectId "set_var"
#134 TLparen "("
#134 TObjectId "x"
#134 TRparen ")"
#134 TSemi ";"
#135 TRbrace "}"
#136 TRparen ")"
#137 TRbrace "}"
#137 TSemi ";"
#139 TRbrace "}"
#139 TSemi ";"
#155 TKlass "class"
#155 TTypeId "A2I"
#155 TLbrace "{"
#157 TObjectId "c2i"
#157 TLparen "("
#157 TObjectId "char"
#157 TColon ":"
#157 TTypeId "String"
#157 TRparen ")"
#157 TColon ":"
#157 TTypeId "Int"
#157 TLbrace "{"
#158 TIf "if"
#158 TObjectId "char"
#158 TEq "="
#158 TStrConst "0"
#158 TThen "then"
#158 TIntConst "0"
#158 TElse "else"
#159 TIf "if"
#159 TObjectId "char"
#159 TEq "="
#159 TStrConst "1"
#159 TThen "then"
#159 TIntConst "1"
#159 TElse "else"
#160 TIf "if"
#160 TObjectId "char"
#160 TEq "="
#160 TStrConst "2"
#160 TThen "then"
#160 TIntConst "2"
#160 TElse "else"
#161 TIf "if"
#161 TObjectId "char"
#161 TEq "="
#161 TStrConst "3"
#161 TThen "then"
#161 TIntConst "3"
#161 TElse "else"
#162 TIf "if"
#162 TObjectId "char"
#162 TEq "="
#162 TStrConst "4"
#162 TThen "then"
#162 TIntConst "4"
#162 TElse "else"
#163 TIf "if"
#163 TObjectId "char"
#163 TEq "="
#163 TStrConst "5"
#163 TThen "then"
#163 TIntConst "5"
#163 TElse "else"
#164 TIf "if"
#164 TObjectId "char"
#164 TEq "="
#164 TStrConst "6"
#164 TThen "then"
#164 TIntConst "6"
#164 TElse "else"
#165 TIf "if"
#165 TObjectId "char"
#165 TEq "="
#165 TStrConst "7"
#165 TThen "then"
#165 TIntConst "7"
#165 TElse "else"
#166 TIf "if"
#166 TObjectId "char"
#166 TEq "="
#166 TStrConst "8"
#166 TThen "then"
#166 TIntConst "8"
#166 TElse "else"
#167 TIf "if"
#167 TObjectId "char"
#167 TEq "="
#167 TStrConst "9"
#167 TThen "then"
#167 TIntConst "9"
#167 TElse "else"
#168 TLbrace "{"
#168 TObjectId "abort"
#168 TLparen "("
#168 TRparen ")"
#168 TSemi ";"
#168 TIntConst "0"
#168 TSemi ";"
#168 TRbrace "}"
#170 TFi "fi"
#170 TFi "fi"
#170 TFi "fi"
#170 TFi "fi"
#170 TFi "fi"
#170 TFi "fi"
#170 TFi "fi"
#170 TFi "fi"
#170 TFi "fi"
#170 TFi "fi"
#171 TRbrace "}"
#171 TSemi ";"
#176 TObjectId "i2c"
#176 TLparen "("
#176 TObjectId "i"
#176 TColon ":"
#176 TTypeId "Int"
#176 TRparen ")"
#176 TColon ":"
#176 TTypeId "String"
#176 TLbrace "{"
#177 TIf "if"
#177 TObjectId "i"
#177 TEq "="
#177 TIntConst "0"
#177 TThen "then"
#177 TStrConst "0"
#177 TElse "else"
#178 TIf "if"
#178 TObjectId "i"
#178 TEq "="
#178 TIntConst "1"
#178 TThen "then"
#178 TStrConst "1"
#178 TElse "else"
#179 TIf "if"
#179 TObjectId "i"
#179 TEq "="
#179 TIntConst "2"
#179 TThen "then"
#179 TStrConst "2"
#179 TElse "else"
#180 TIf "if"
#180 TObjectId "i"
#180 TEq "="
#180 TIntConst "3"
#180 TThen "then"
#180 TStrConst "3"
#180 TElse "else"
#181 TIf "if"
#181 TObjectId "i"
#181 TEq "="
#181 TIntConst "4"
#181 TThen "then"
#181 TStrConst "4"
#181 TElse "else"
#182 TIf "if"
#182 TObjectId "i"
#182 TEq "="
#182 TIntConst "5"
#182 TThen "then"
#182 TStrConst "5"
#182 TElse "else"
#183 TIf "if"
#183 TObjectId "i"
#183 TEq "="
#183 TIntConst "6"
#183 TThen "then"
#183 TStrConst "6"
#183 TElse "else"
#184 TIf "if"
#184 TObjectId "i"
#184 TEq "="
#184 TIntConst "7"
#184 TThen "then"
#184 TStrConst "7"
#184 TElse "else"
#185 TIf "if"
#185 TObjectId "i"
#185 TEq "="
#185 TIntConst "8"
#185 TThen "then"
#185 TStrConst "8"
#185 TElse "else"
#186 TIf "if"
#186 TObjectId "i"
#186 TEq "="
#186 TIntConst "9"
#186 TThen "then"
#186 TStrConst "9"
#186 TElse "else"
#187 TLbrace "{"
#187 TObjectId "abort"
#187 TLparen "("
#187 TRparen ")"
#187 TSemi ";"
#187 TStrConst ""
#187 TSemi ";"
#187 TRbrace "}"
#188 TFi "fi"
#188 TFi "fi"
#188 TFi "fi"
#188 TFi "fi"
#188 TFi "fi"
#188 TFi "fi"
#188 TFi "fi"
#188 TFi "fi"
#188 TFi "fi"
#188 TFi "fi"
#189 TRbrace "}"
#189 TSemi ";"
#199 TObjectId "a2i"
#199 TLparen "("
#199 TObjectId "s"
#199 TColon ":"
#199 TTypeId "String"
#199 TRparen ")"
#199 TColon ":"
#199 TTypeId "Int"
#199 TLbrace "{"
#200 TIf "if"
#200 TObjectId "s"
#200 TDot "."
#200 TObjectId "length"
#200 TLparen "("
#200 TRparen ")"
#200 TEq "="
#200 TIntConst "0"
#200 TThen "then"
#200 TIntConst "0"
#200 TElse "else"
#201 TIf "if"
#201 TObjectId "s"
#201 TDot "."
#201 TObjectId "substr"
#201 TLparen "("
#201 TIntConst "0"
#201 TComma ","
#201 TIntConst "1"
#201 TRparen ")"
#201 TEq "="
#201 TStrConst "-"
#201 TThen "then"
#201 TNeg "~"
#201 TObjectId "a2i_aux"
#201 TLparen "("
#201 TObjectId "s"
#201 TDot "."
#201 TObjectId "substr"
#201 TLparen "("
#201 TIntConst "1"
#201 TComma ","
#201 TObjectId "s"
#201 TDot "."
#201 TObjectId "length"
#201 TLparen "("
#201 TRparen ")"
#201 TMinus "-"
#201 TIntConst "1"
#201 TRparen ")"
#201 TRparen ")"
#201 TElse "else"
#202 TIf "if"
#202 TObjectId "s"
#202 TDot "."
#202 TObjectId "substr"
#202 TLparen "("
#202 TIntConst "0"
#202 TComma ","
#202 TIntConst "1"
#202 TRparen ")"
#202 TEq "="
#202 TStrConst "+"
#202 TThen "then"
#202 TObjectId "a2i_aux"
#202 TLparen "("
#202 TObjectId "s"
#202 TDot "."
#202 TObjectId "substr"
#202 TLparen "("
#202 TIntConst "1"
#202 TComma ","
#202 TObjectId "s"
#202 TDot "."
#202 TObjectId "length"
#202 TLparen "("
#202 TRparen ")"
#202 TMinus "-"
#202 TIntConst "1"
#202 TRparen ")"
#202 TRparen ")"
#202 TElse "else"
#203 TObjectId "a2i_aux"
#203 TLparen "("
#203 TObjectId "s"
#203 TRparen ")"
#204 TFi "fi"
#204 TFi "fi"
#204 TFi "fi"
#205 TRbrace "}"
#205 TSemi ";"
#211 TObjectId "a2i_aux"
#211 TLparen "("
#211 TObjectId "s"
#211 TColon ":"
#211 TTypeId "String"
#211 TRparen ")"
#211 TColon ":"
#211 TTypeId "Int"
#211 TLbrace "{"
#212 TLparen "("
#212 TLet "let"
#212 TObjectId "int"
#212 TColon ":"
#212 TTypeId "Int"
#212 TAssign "<-"
#212 TIntConst "0"
#212 TIn "in"
#213 TLbrace "{"
#214 TLparen "("
#214 TLet "let"
#214 TObjectId "j"
#214 TColon ":"
#214 TTypeId "Int"
#214 TAssign "<-"
#214 TObjectId "s"
#214 TDot "."
#214 TObjectId "length"
#214 TLparen "("
#214 TRparen ")"
#214 TIn "in"
#215 TLparen "("
#215 TLet "let"
#215 TObjectId "i"
#215 TColon ":"
#215 TTypeId "Int"
#215 TAssign "<-"
#215 TIntConst "0"
#215 TIn "in"
#216 TWhile "while"
#216 TObjectId "i"
#216 TLt "<"
#216 TObjectId "j"
#216 TLoop "loop"
#217 TLbrace "{"
#218 TObjectId "int"
#218 TAssign "<-"
#218 TObjectId "int"
#218 TMult "*"
#218 TIntConst "10"
#218 TPlus "+"
#218 TObjectId "c2i"
#218 TLparen "("
#218 TObjectId "s"
#218 TDot "."
#218 TObjectId "substr"
#218 TLparen "("
#218 TObjectId "i"
#218 TComma ","
#218 TIntConst "1"
#218 TRparen ")"
#218 TRparen ")"
#218 TSemi ";"
#219 TObjectId "i"
#219 TAssign "<-"
#219 TObjectId "i"
#219 TPlus "+"
#219 TIntConst "1"
#219 TSemi ";"
#220 TRbrace "}"
#221 TPool "pool"
#222 TRparen ")"
#223 TRparen ")"
#223 TSemi ";"
#224 TObjectId "int"
#224 TSemi ";"
#225 TRbrace "}"
#226 TRparen ")"
#227 TRbrace "}"
#227 TSemi ";"
#232 TObjectId "i2a"
#232 TLparen "("
#232 TObjectId "i"
#232 TColon ":"
#232 TTypeId "Int"
#232 TRparen ")"
#232 TColon ":"
#232 TTypeId "String"
#232 TLbrace "{"
#233 TIf "if"
#233 TObjectId "i"
#233 TEq "="
#233 TIntConst "0"
#233 TThen "then"
#233 TStrConst "0"
#233 TElse "else"
#234 TIf "if"
#234 TIntConst "0"
#234 TLt "<"
#234 TObjectId "i"
#234 TThen "then"
#234 TObjectId "i2a_aux"
#234 TLparen "("
#234 TObjectId "i"
#234 TRparen ")"
#234 TElse "else"
#235 TStrConst "-"
#235 TDot "."
#235 TObjectId "concat"
#235 TLparen "("
#235 TObjectId "i2a_aux"
#235 TLparen "("
#235 TObjectId "i"
#235 TMult "*"
#235 TNeg "~"
#235 TIntConst "1"
#235 TRparen ")"
#235 TRparen ")"
#236 TFi "fi"
#236 TFi "fi"
#237 TRbrace "}"
#237 TSemi ";"
#241 TObjectId "i2a_aux"
#241 TLparen "("
#241 TObjectId "i"
#241 TColon ":"
#241 TTypeId "Int"
#241 TRparen ")"
#241 TColon ":"
#241 TTypeId "String"
#241 TLbrace "{"
#242 TIf "if"
#242 TObjectId "i"
#242 TEq "="
#242 TIntConst "0"
#242 TThen "then"
#242 TStrConst ""
#242 TElse "else"
#243 TLparen "("
#243 TLet "let"
#243 TObjectId "next"
#243 TColon ":"
#243 TTypeId "Int"
#243 TAssign "<-"
#243 TObjectId "i"
#243 TDiv "/"
#243 TIntConst "10"
#243 TIn "in"
#244 TObjectId "i2a_aux"
#244 TLparen "("
#244 TObjectId "next"
#244 TRparen ")"
#244 TDot "."
#244 TObjectId "concat"
#244 TLparen "("
#244 TObjectId "i2c"
#244 TLparen "("
#244 TObjectId "i"
#244 TMinus "-"
#244 TObjectId "next"
#244 TMult "*"
#244 TIntConst "10"
#244 TRparen ")"
#244 TRparen ")"
#245 TRparen ")"
#246 TFi "fi"
#247 TRbrace "}"
#247 TSemi ";"
#249 TRbrace "}"
#249 TSemi ";"
#251 TKlass "class"
#251 TTypeId "Main"
#251 TInherits "inherits"
#251 TTypeId "IO"
#251 TLbrace "{"
#253 TObjectId "char"
#253 TColon ":"
#253 TTypeId "String"
#253 TSemi ";"
#254 TObjectId "avar"
#254 TColon ":"
#254 TTypeId "A"
#254 TSemi ";"
#255 TObjectId "a_var"
#255 TColon ":"
#255 TTypeId "A"
#255 TSemi ";"
#256 TObjectId "flag"
#256 TColon ":"
#256 TTypeId "Bool"
#256 TAssign "<-"
#256 TBoolConst "true"
#256 TSemi ";"
#259 TObjectId "menu"
#259 TLparen "("
#259 TRparen ")"
#259 TColon ":"
#259 TTypeId "String"
#259 TLbrace "{"
#260 TLbrace "{"
#261 TObjectId "out_string"
#261 TLparen "("
#261 TStrConst "\n\tTo add a number to "
#261 TRparen ")"
#261 TSemi ";"
#262 TObjectId "print"
#262 TLparen "("
#262 TObjectId "avar"
#262 TRparen ")"
#262 TSemi ";"
#263 TObjectId "out_string"
#263 TLparen "("
#263 TStrConst "...enter a:\n"
#263 TRparen ")"
#263 TSemi ";"
#264 TObjectId "out_string"
#264 TLparen "("
#264 TStrConst "\tTo negate "
#264 TRparen ")"
#264 TSemi ";"
#265 TObjectId "print"
#265 TLparen "("
#265 TObjectId "avar"
#265 TRparen ")"
#265 TSemi ";"
#266 TObjectId "out_string"
#266 TLparen "("
#266 TStrConst "...enter b:\n"
#266 TRparen ")"
#266 TSemi ";"
#267 TObjectId "out_string"
#267 TLparen "("
#267 TStrConst "\tTo find the difference between "
#267 TRparen ")"
#267 TSemi ";"
#268 TObjectId "print"
#268 TLparen "("
#268 TObjectId "avar"
#268 TRparen ")"
#268 TSemi ";"
#269 TObjectId "out_string"
#269 TLparen "("
#269 TStrConst "and another number...enter c:\n"
#269 TRparen ")"
#269 TSemi ";"
#270 TObjectId "out_string"
#270 TLparen "("
#270 TStrConst "\tTo find the factorial of "
#270 TRparen ")"
#270 TSemi ";"
#271 TObjectId "print"
#271 TLparen "("
#271 TObjectId "avar"
#271 TRparen ")"
#271 TSemi ";"
#272 TObjectId "out_string"
#272 TLparen "("
#272 TStrConst "...enter d:\n"
#272 TRparen ")"
#272 TSemi ";"
#273 TObjectId "out_string"
#273 TLparen "("
#273 TStrConst "\tTo square "
#273 TRparen ")"
#273 TSemi ";"
#274 TObjectId "print"
#274 TLparen "("
#274 TObjectId "avar"
#274 TRparen ")"
#274 TSemi ";"
#275 TObjectId "out_string"
#275 TLparen "("
#275 TStrConst "...enter e:\n"
#275 TRparen ")"
#275 TSemi ";"
#276 TObjectId "out_string"
#276 TLparen "("
#276 TStrConst "\tTo cube "
#276 TRparen ")"
#276 TSemi ";"
#277 TObjectId "print"
#277 TLparen "("
#277 TObjectId "avar"
#277 TRparen ")"
#277 TSemi ";"
#278 TObjectId "out_string"
#278 TLparen "("
#278 TStrConst "...enter f:\n"
#278 TRparen ")"
#278 TSemi ";"
#279 TObjectId "out_string"
#279 TLparen "("
#279 TStrConst "\tTo find out if "
#279 TRparen ")"
#279 TSemi ";"
#280 TObjectId "print"
#280 TLparen "("
#280 TObjectId "avar"
#280 TRparen ")"
#280 TSemi ";"
#281 TObjectId "out_string"
#281 TLparen "("
#281 TStrConst "is a multiple of 3...enter g:\n"
#281 TRparen ")"
#281 TSemi ";"
#282 TObjectId "out_string"
#282 TLparen "("
#282 TStrConst "\tTo divide "
#282 TRparen ")"
#282 TSemi ";"
#283 TObjectId "print"
#283 TLparen "("
#283 TObjectId "avar"
#283 TRparen ")"
#283 TSemi ";"
#284 TObjectId "out_string"
#284 TLparen "("
#284 TStrConst "by 8...enter h:\n"
#284 TRparen ")"
#284 TSemi ";"
#285 TObjectId "out_string"
#285 TLparen "("
#285 TStrConst "\tTo get a new number...enter j:\n"
#285 TRparen ")"
#285 TSemi ";"
#286 TObjectId "out_string"
#286 TLparen "("
#286 TStrConst "\tTo quit...enter q:\n\n"
#286 TRparen ")"
#286 TSemi ";"
#287 TObjectId "in_string"
#287 TLparen "("
#287 TRparen ")"
#287 TSemi ";"
#288 TRbrace "}"
#289 TRbrace "}"
#289 TSemi ";"
#291 TObjectId "prompt"
#291 TLparen "("
#291 TRparen ")"
#291 TColon ":"
#291 TTypeId "String"
#291 TLbrace "{"
#292 TLbrace "{"
#293 TObjectId "out_string"
#293 TLparen "("
#293 TStrConst "\n"
#293 TRparen ")"
#293 TSemi ";"
#294 TObjectId "out_string"
#294 TLparen "("
#294 TStrConst "Please enter a number...  "
#294 TRparen ")"
#294 TSemi ";"
#295 TObjectId "in_string"
#295 TLparen "("
#295 TRparen ")"
#295 TSemi ";"
#296 TRbrace "}"
#297 TRbrace "}"
#297 TSemi ";"
#299 TObjectId "get_int"
#299 TLparen "("
#299 TRparen ")"
#299 TColon ":"
#299 TTypeId "Int"
#299 TLbrace "{"
#300 TLbrace "{"
#301 TLparen "("
#301 TLet "let"
#301 TObjectId "z"
#301 TColon ":"
#301 TTypeId "A2I"
#301 TAssign "<-"
#301 TNew "new"
#301 TTypeId "A2I"
#301 TIn "in"
#302 TLparen "("
#302 TLet "let"
#302 TObjectId "s"
#302 TColon ":"
#302 TTypeId "String"
#302 TAssign "<-"
#302 TObjectId "prompt"
#302 TLparen "("
#302 TRparen ")"
#302 TIn "in"
#303 TObjectId "z"
#303 TDot "."
#303 TObjectId "a2i"
#303 TLparen "("
#303 TObjectId "s"
#303 TRparen ")"
#304 TRparen ")"
#305 TRparen ")"
#305 TSemi ";"
#306 TRbrace "}"
#307 TRbrace "}"
#307 TSemi ";"
#309 TObjectId "is_even"
#309 TLparen "("
#309 TObjectId "num"
#309 TColon ":"
#309 TTypeId "Int"
#309 TRparen ")"
#309 TColon ":"
#309 TTypeId "Bool"
#309 TLbrace "{"
#310 TLparen "("
#310 TLet "let"
#310 TObjectId "x"
#310 TColon ":"
#310 TTypeId "Int"
#310 TAssign "<-"
#310 TObjectId "num"
#310 TIn "in"
#311 TIf "if"
#311 TObjectId "x"
#311 TLt "<"
#311 TIntConst "0"
#311 TThen "then"
#311 TObjectId "is_even"
#311 TLparen "("
#311 TNeg "~"
#311 TObjectId "x"
#311 TRparen ")"
#311 TElse "else"
#312 TIf "if"
#312 TIntConst "0"
#312 TEq "="
#312 TObjectId "x"
#312 TThen "then"
#312 TBoolConst "true"
#312 TElse "else"
#313 TIf "if"
#313 TIntConst "1"
#313 TEq "="
#313 TObjectId "x"
#313 TThen "then"
#313 TBoolConst "false"
#313 TElse "else"
#314 TObjectId "is_even"
#314 TLparen "("
#314 TObjectId "x"
#314 TMinus "-"
#314 TIntConst "2"
#314 TRparen ")"
#315 TFi "fi"
#315 TFi "fi"
#315 TFi "fi"
#316 TRparen ")"
#317 TRbrace "}"
#317 TSemi ";"
#319 TObjectId "class_type"
#319 TLparen "("
#319 TObjectId "var"
#319 TColon ":"
#319 TTypeId "A"
#319 TRparen ")"
#319 TColon ":"
#319 TTypeId "SELF_TYPE"
#319 TLbrace "{"
#320 TCase "case"
#320 TObjectId "var"
#320 TOf "of"
#321 TObjectId "a"
#321 TColon ":"
#321 TTypeId "A"
#321 TDarrow "=>"
#321 TObjectId "out_string"
#321 TLparen "("
#321 TStrConst "Class type is now A\n"
#321 TRparen ")"
#321 TSemi ";"
#322 TObjectId "b"
#322 TColon ":"
#322 TTypeId "B"
#322 TDarrow "=>"
#322 TObjectId "out_string"
#322 TLparen "("
#322 TStrConst "Class type is now B\n"
#322 TRparen ")"
#322 TSemi ";"
#323 TObjectId "c"
#323 TColon ":"
#323 TTypeId "C"
#323 TDarrow "=>"
#323 TObjectId "out_string"
#323 TLparen "("
#323 TStrConst "Class type is now C\n"
#323 TRparen ")"
#323 TSemi ";"
#324 TObjectId "d"
#324 TColon ":"
#324 TTypeId "D"
#324 TDarrow "=>"
#324 TObjectId "out_string"
#324 TLparen "("
#324 TStrConst "Class type is now D\n"
#324 TRparen ")"
#324 TSemi ";"
#325 TObjectId "e"
#325 TColon ":"
#325 TTypeId "E"
#325 TDarrow "=>"
#325 TObjectId "out_string"
#325 TLparen "("
#325 TStrConst "Class type is now E\n"
#325 TRparen ")"
#325 TSemi ";"
#326 TObjectId "o"
#326 TColon ":"
#326 TTypeId "Object"
#326 TDarrow "=>"
#326 TObjectId "out_string"
#326 TLparen "("
#326 TStrConst "Oooops\n"
#326 TRparen ")"
#326 TSemi ";"
#327 TEsac "esac"
#328 TRbrace "}"
#328 TSemi ";"
#330 TObjectId "print"
#330 TLparen "("
#330 TObjectId "var"
#330 TColon ":"
#330 TTypeId "A"
#330 TRparen ")"
#330 TColon ":"
#330 TTypeId "SELF_TYPE"
#330 TLbrace "{"
#331 TLparen "("
#331 TLet "let"
#331 TObjectId "z"
#331 TColon ":"
#331 TTypeId "A2I"
#331 TAssign "<-"
#331 TNew "new"
#331 TTypeId "A2I"
#331 TIn "in"
#332 TLbrace "{"
#333 TObjectId "out_string"
#333 TLparen "("
#333 TObjectId "z"
#333 TDot "."
#333 TObjectId "i2a"
#333 TLparen "("
#333 TObjectId "var"
#333 TDot "."
#333 TObjectId "value"
#333 TLparen "("
#333 TRparen ")"
#333 TRparen ")"
#333 TRparen ")"
#333 TSemi ";"
#334 TObjectId "out_string"
#334 TLparen "("
#334 TStrConst " "
#334 TRparen ")"
#334 TSemi ";"
#335 TRbrace "}"
#336 TRparen ")"
#337 TRbrace "}"
#337 TSemi ";"
#339 TObjectId "main"
#339 TLparen "("
#339 TRparen ")"
#339 TColon ":"
#339 TTypeId "Object"
#339 TLbrace "{"
#340 TLbrace "{"
#341 TObjectId "avar"
#341 TAssign "<-"
#341 TLparen "("
#341 TNew "new"
#341 TTypeId "A"
#341 TRparen ")"
#341 TSemi ";"
#342 TWhile "while"
#342 TObjectId "flag"
#342 TLoop "loop"
#343 TLbrace "{"
#345 TObjectId "out_string"
#345 TLparen "("
#345 TStrConst "number "
#345 TRparen ")"
#345 TSemi ";"
#346 TObjectId "print"
#346 TLparen "("
#346 TObjectId "avar"
#346 TRparen ")"
#346 TSemi ";"
#347 TIf "if"
#347 TObjectId "is_even"
#347 TLparen "("
#347 TObjectId "avar"
#347 TDot "."
#347 TObjectId "value"
#347 TLparen "("
#347 TRparen ")"
#347 TRparen ")"
#347 TThen "then"
#348 TObjectId "out_string"
#348 TLparen "("
#348 TStrConst "is even!\n"
#348 TRparen ")"
#349 TElse "else"
#350 TObjectId "out_string"
#350 TLparen "("
#350 TStrConst "is odd!\n"
#350 TRparen ")"
#351 TFi "fi"
#351 TSemi ";"
#353 TObjectId "class_type"
#353 TLparen "("
#353 TObjectId "avar"
#353 TRparen ")"
#353 TSemi ";"
#354 TObjectId "char"
#354 TAssign "<-"
#354 TObjectId "menu"
#354 TLparen "("
#354 TRparen ")"
#354 TSemi ";"
#355 TIf "if"
#355 TObjectId "char"
#355 TEq "="
#355 TStrConst "a"
#355 TThen "then"
#356 TLbrace "{"
#357 TObjectId "a_var"
#357 TAssign "<-"
#357 TLparen "("
#357 TNew "new"
#357 TTypeId "A"
#357 TRparen ")"
#357 TDot "."
#357 TObjectId "set_var"
#357 TLparen "("
#357 TObjectId "get_int"
#357 TLparen "("
#357 TRparen ")"
#357 TRparen ")"
#357 TSemi ";"
#358 TObjectId "avar"
#358 TAssign "<-"
#358 TLparen "("
#358 TNew "new"
#358 TTypeId "B"
#358 TRparen ")"
#358 TDot "."
#358 TObjectId "method2"
#358 TLparen "("
#358 TObjectId "avar"
#358 TDot "."
#358 TObjectId "value"
#358 TLparen "("
#358 TRparen ")"
#358 TComma ","
#358 TObjectId "a_var"
#358 TDot "."
#358 TObjectId "value"
#358 TLparen "("
#358 TRparen ")"
#358 TRparen ")"
#358 TSemi ";"
#359 TRbrace "}"
#359 TElse "else"
#360 TIf "if"
#360 TObjectId "char"
#360 TEq "="
#360 TStrConst "b"
#360 TThen "then"
#361 TCase "case"
#361 TObjectId "avar"
#361 TOf "of"
#362 TObjectId "c"
#362 TColon ":"
#362 TTypeId "C"
#362 TDarrow "=>"
#362 TObjectId "avar"
#362 TAssign "<-"
#362 TObjectId "c"
#362 TDot "."
#362 TObjectId "method6"
#362 TLparen "("
#362 TObjectId "c"
#362 TDot "."
#362 TObjectId "value"
#362 TLparen "("
#362 TRparen ")"
#362 TRparen ")"
#362 TSemi ";"
#363 TObjectId "a"
#363 TColon ":"
#363 TTypeId "A"
#363 TDarrow "=>"
#363 TObjectId "avar"
#363 TAssign "<-"
#363 TObjectId "a"
#363 TDot "."
#363 TObjectId "method3"
#363 TLparen "("
#363 TObjectId "a"
#363 TDot "."
#363 TObjectId "value"
#363 TLparen "("
#363 TRparen ")"
#363 TRparen ")"
#363 TSemi ";"
#364 TObjectId "o"
#364 TColon ":"
#364 TTypeId "Object"
#364 TDarrow "=>"
#364 TLbrace "{"
#365 TObjectId "out_string"
#365 TLparen "("
#365 TStrConst "Oooops\n"
#365 TRparen ")"
#365 TSemi ";"
#366 TObjectId "abort"
#366 TLparen "("
#366 TRparen ")"
#366 TSemi ";"
#366 TIntConst "0"
#366 TSemi ";"
#367 TRbrace "}"
#367 TSemi ";"
#368 TEsac "esac"
#368 TElse "else"
#369 TIf "if"
#369 TObjectId "char"
#369 TEq "="
#369 TStrConst "c"
#369 TThen "then"
#370 TLbrace "{"
#371 TObjectId "a_var"
#371 TAssign "<-"
#371 TLparen "("
#371 TNew "new"
#371 TTypeId "A"
#371 TRparen ")"
#371 TDot "."
#371 TObjectId "set_var"
#371 TLparen "("
#371 TObjectId "get_int"
#371 TLparen "("
#371 TRparen ")"
#371 TRparen ")"
#371 TSemi ";"
#372 TObjectId "avar"
#372 TAssign "<-"
#372 TLparen "("
#372 TNew "new"
#372 TTypeId "D"
#372 TRparen ")"
#372 TDot "."
#372 TObjectId "method4"
#372 TLparen "("
#372 TObjectId "avar"
#372 TDot "."
#372 TObjectId "value"
#372 TLparen "("
#372 TRparen ")"
#372 TComma ","
#372 TObjectId "a_var"
#372 TDot "."
#372 TObjectId "value"
#372 TLparen "("
#372 TRparen ")"
#372 TRparen ")"
#372 TSemi ";"
#373 TRbrace "}"
#373 TElse "else"
#374 TIf "if"
#374 TObjectId "char"
#374 TEq "="
#374 TStrConst "d"
#374 TThen "then"
#374 TObjectId "avar"
#374 TAssign "<-"
#374 TLparen "("
#374 TNew "new"
#374 TTypeId "C"
#374 TRparen ")"
#374 TAt "@"
#374 TTypeId "A"
#374 TDot "."
#374 TObjectId "method5"
#374 TLparen "("
#374 TObjectId "avar"
#374 TDot "."
#374 TObjectId "value"
#374 TLparen "("
#374 TRparen ")"
#374 TRparen ")"
#374 TElse "else"
#376 TIf "if"
#376 TObjectId "char"
#376 TEq "="
#376 TStrConst "e"
#376 TThen "then"
#376 TObjectId "avar"
#376 TAssign "<-"
#376 TLparen "("
#376 TNew "new"
#376 TTypeId "C"
#376 TRparen ")"
#376 TAt "@"
#376 TTypeId "B"
#376 TDot "."
#376 TObjectId "method5"
#376 TLparen "("
#376 TObjectId "avar"
#376 TDot "."
#376 TObjectId "value"
#376 TLparen "("
#376 TRparen ")"
#376 TRparen ")"
#376 TElse "else"
#378 TIf "if"
#378 TObjectId "char"
#378 TEq "="
#378 TStrConst "f"
#378 TThen "then"
#378 TObjectId "avar"
#378 TAssign "<-"
#378 TLparen "("
#378 TNew "new"
#378 TTypeId "C"
#378 TRparen ")"
#378 TAt "@"
#378 TTypeId "C"
#378 TDot "."
#378 TObjectId "method5"
#378 TLparen "("
#378 TObjectId "avar"
#378 TDot "."
#378 TObjectId "value"
#378 TLparen "("
#378 TRparen ")"
#378 TRparen ")"
#378 TElse "else"
#380 TIf "if"
#380 TObjectId "char"
#380 TEq "="
#380 TStrConst "g"
#380 TThen "then"
#381 TIf "if"
#381 TLparen "("
#381 TLparen "("
#381 TNew "new"
#381 TTypeId "D"
#381 TRparen ")"
#381 TDot "."
#381 TObjectId "method7"
#381 TLparen "("
#381 TObjectId "avar"
#381 TDot "."
#381 TObjectId "value"
#381 TLparen "("
#381 TRparen ")"
#381 TRparen ")"
#381 TRparen ")"
#382 TThen "then"
#383 TLbrace "{"
#384 TObjectId "out_string"
#384 TLparen "("
#384 TStrConst "number "
#384 TRparen ")"
#384 TSemi ";"
#385 TObjectId "print"
#385 TLparen "("
#385 TObjectId "avar"
#385 TRparen ")"
#385 TSemi ";"
#386 TObjectId "out_string"
#386 TLparen "("
#386 TStrConst "is divisible by 3.\n"
#386 TRparen ")"
#386 TSemi ";"
#387 TRbrace "}"
#388 TElse "else"
#389 TLbrace "{"
#390 TObjectId "out_string"
#390 TLparen "("
#390 TStrConst "number "
#390 TRparen ")"
#390 TSemi ";"
#391 TObjectId "print"
#391 TLparen "("
#391 TObjectId "avar"
#391 TRparen ")"
#391 TSemi ";"
#392 TObjectId "out_string"
#392 TLparen "("
#392 TStrConst "is not divisible by 3.\n"
#392 TRparen ")"
#392 TSemi ";"
#393 TRbrace "}"
#394 TFi "fi"
#394 TElse "else"
#395 TIf "if"
#395 TObjectId "char"
#395 TEq "="
#395 TStrConst "h"
#395 TThen "then"
#396 TLparen "("
#396 TLet "let"
#396 TObjectId "x"
#396 TColon ":"
#396 TTypeId "A"
#396 TIn "in"
#397 TLbrace "{"
#398 TObjectId "x"
#398 TAssign "<-"
#398 TLparen "("
#398 TNew "new"
#398 TTypeId "E"
#398 TRparen ")"
#398 TDot "."
#398 TObjectId "method6"
#398 TLparen "("
#398 TObjectId "avar"
#398 TDot "."
#398 TObjectId "value"
#398 TLparen "("
#398 TRparen ")"
#398 TRparen ")"
#398 TSemi ";"
#399 TLparen "("
#399 TLet "let"
#399 TObjectId "r"
#399 TColon ":"
#399 TTypeId "Int"
#399 TAssign "<-"
#399 TLparen "("
#399 TObjectId "avar"
#399 TDot "."
#399 TObjectId "value"
#399 TLparen "("
#399 TRparen ")"
#399 TMinus "-"
#399 TLparen "("
#399 TObjectId "x"
#399 TDot "."
#399 TObjectId "value"
#399 TLparen "("
#399 TRparen ")"
#399 TMult "*"
#399 TIntConst "8"
#399 TRparen ")"
#399 TRparen ")"
#399 TIn "in"
#400 TLbrace "{"
#401 TObjectId "out_string"
#401 TLparen "("
#401 TStrConst "number "
#401 TRparen ")"
#401 TSemi ";"
#402 TObjectId "print"
#402 TLparen "("
#402 TObjectId "avar"
#402 TRparen ")"
#402 TSemi ";"
#403 TObjectId "out_string"
#403 TLparen "("
#403 TStrConst "is equal to "
#403 TRparen ")"
#403 TSemi ";"
#404 TObjectId "print"
#404 TLparen "("
#404 TObjectId "x"
#404 TRparen ")"
#404 TSemi ";"
#405 TObjectId "out_string"
#405 TLparen "("
#405 TStrConst "times 8 with a remainder of "
#405 TRparen ")"
#405 TSemi ";"
#406 TLparen "("
#406 TLet "let"
#406 TObjectId "a"
#406 TColon ":"
#406 TTypeId "A2I"
#406 TAssign "<-"
#406 TNew "new"
#406 TTypeId "A2I"
#406 TIn "in"
#407 TLbrace "{"
#408 TObjectId "out_string"
#408 TLparen "("
#408 TObjectId "a"
#408 TDot "."
#408 TObjectId "i2a"
#408 TLparen "("
#408 TObjectId "r"
#408 TRparen ")"
#408 TRparen ")"
#408 TSemi ";"
#409 TObjectId "out_string"
#409 TLparen "("
#409 TStrConst "\n"
#409 TRparen ")"
#409 TSemi ";"
#410 TRbrace "}"
#411 TRparen ")"
#411 TSemi ";"
#412 TRbrace "}"
#413 TRparen ")"
#413 TSemi ";"
#414 TObjectId "avar"
#414 TAssign "<-"
#414 TObjectId "x"
#414 TSemi ";"
#415 TRbrace "}"
#416 TRparen ")"
#417 TElse "else"
#418 TIf "if"
#418 TObjectId "char"
#418 TEq "="
#418 TStrConst "j"
#418 TThen "then"
#418 TObjectId "avar"
#418 TAssign "<-"
#418 TLparen "("
#418 TNew "new"
#418 TTypeId "A"
#418 TRparen ")"
#419 TElse "else"
#420 TIf "if"
#420 TObjectId "char"
#420 TEq "="
#420 TStrConst "q"
#420 TThen "then"
#420 TObjectId "flag"
#420 TAssign "<-"
#420 TBoolConst "false"
#421 TElse "else"
#422 TObjectId "avar"
#422 TAssign "<-"
#422 TLparen "("
#422 TNew "new"
#422 TTypeId "A"
#422 TRparen ")"
#422 TDot "."
#422 TObjectId "method1"
#422 TLparen "("
#422 TObjectId "avar"
#422 TDot "."
#422 TObjectId "value"
#422 TLparen "("
#422 TRparen ")"
#422 TRparen ")"
#423 TFi "fi"
#423 TFi "fi"
#423 TFi "fi"
#423 TFi "fi"
#423 TFi "fi"
#423 TFi "fi"
#423 TFi "fi"
#423 TFi "fi"
#423 TFi "fi"
#423 TFi "fi"
#423 TSemi ";"
#424 TRbrace "}"
#425 TPool "pool"
#425 TSemi ";"
#426 TRbrace "}"
#427 TRbrace "}"
#427 TSemi ";"
#429 TRbrace "}"
#429 TSemi ";"
