#name src/test/resources/scanner/input/atoi.cool
#13 TKlass "class"
#13 TTypeId "A2I"
#13 TLbrace "{"
#15 TObjectId "c2i"
#15 TLparen "("
#15 TObjectId "char"
#15 TColon ":"
#15 TTypeId "String"
#15 TRparen ")"
#15 TColon ":"
#15 TTypeId "Int"
#15 TLbrace "{"
#16 TIf "if"
#16 TObjectId "char"
#16 TEq "="
#16 TStrConst "0"
#16 TThen "then"
#16 TIntConst "0"
#16 TElse "else"
#17 TIf "if"
#17 TObjectId "char"
#17 TEq "="
#17 TStrConst "1"
#17 TThen "then"
#17 TIntConst "1"
#17 TElse "else"
#18 TIf "if"
#18 TObjectId "char"
#18 TEq "="
#18 TStrConst "2"
#18 TThen "then"
#18 TIntConst "2"
#18 TElse "else"
#19 TIf "if"
#19 TObjectId "char"
#19 TEq "="
#19 TStrConst "3"
#19 TThen "then"
#19 TIntConst "3"
#19 TElse "else"
#20 TIf "if"
#20 TObjectId "char"
#20 TEq "="
#20 TStrConst "4"
#20 TThen "then"
#20 TIntConst "4"
#20 TElse "else"
#21 TIf "if"
#21 TObjectId "char"
#21 TEq "="
#21 TStrConst "5"
#21 TThen "then"
#21 TIntConst "5"
#21 TElse "else"
#22 TIf "if"
#22 TObjectId "char"
#22 TEq "="
#22 TStrConst "6"
#22 TThen "then"
#22 TIntConst "6"
#22 TElse "else"
#23 TIf "if"
#23 TObjectId "char"
#23 TEq "="
#23 TStrConst "7"
#23 TThen "then"
#23 TIntConst "7"
#23 TElse "else"
#24 TIf "if"
#24 TObjectId "char"
#24 TEq "="
#24 TStrConst "8"
#24 TThen "then"
#24 TIntConst "8"
#24 TElse "else"
#25 TIf "if"
#25 TObjectId "char"
#25 TEq "="
#25 TStrConst "9"
#25 TThen "then"
#25 TIntConst "9"
#25 TElse "else"
#26 TLbrace "{"
#26 TObjectId "abort"
#26 TLparen "("
#26 TRparen ")"
#26 TSemi ";"
#26 TIntConst "0"
#26 TSemi ";"
#26 TRbrace "}"
#27 TFi "fi"
#27 TFi "fi"
#27 TFi "fi"
#27 TFi "fi"
#27 TFi "fi"
#27 TFi "fi"
#27 TFi "fi"
#27 TFi "fi"
#27 TFi "fi"
#27 TFi "fi"
#28 TRbrace "}"
#28 TSemi ";"
#33 TObjectId "i2c"
#33 TLparen "("
#33 TObjectId "i"
#33 TColon ":"
#33 TTypeId "Int"
#33 TRparen ")"
#33 TColon ":"
#33 TTypeId "String"
#33 TLbrace "{"
#34 TIf "if"
#34 TObjectId "i"
#34 TEq "="
#34 TIntConst "0"
#34 TThen "then"
#34 TStrConst "0"
#34 TElse "else"
#35 TIf "if"
#35 TObjectId "i"
#35 TEq "="
#35 TIntConst "1"
#35 TThen "then"
#35 TStrConst "1"
#35 TElse "else"
#36 TIf "if"
#36 TObjectId "i"
#36 TEq "="
#36 TIntConst "2"
#36 TThen "then"
#36 TStrConst "2"
#36 TElse "else"
#37 TIf "if"
#37 TObjectId "i"
#37 TEq "="
#37 TIntConst "3"
#37 TThen "then"
#37 TStrConst "3"
#37 TElse "else"
#38 TIf "if"
#38 TObjectId "i"
#38 TEq "="
#38 TIntConst "4"
#38 TThen "then"
#38 TStrConst "4"
#38 TElse "else"
#39 TIf "if"
#39 TObjectId "i"
#39 TEq "="
#39 TIntConst "5"
#39 TThen "then"
#39 TStrConst "5"
#39 TElse "else"
#40 TIf "if"
#40 TObjectId "i"
#40 TEq "="
#40 TIntConst "6"
#40 TThen "then"
#40 TStrConst "6"
#40 TElse "else"
#41 TIf "if"
#41 TObjectId "i"
#41 TEq "="
#41 TIntConst "7"
#41 TThen "then"
#41 TStrConst "7"
#41 TElse "else"
#42 TIf "if"
#42 TObjectId "i"
#42 TEq "="
#42 TIntConst "8"
#42 TThen "then"
#42 TStrConst "8"
#42 TElse "else"
#43 TIf "if"
#43 TObjectId "i"
#43 TEq "="
#43 TIntConst "9"
#43 TThen "then"
#43 TStrConst "9"
#43 TElse "else"
#44 TLbrace "{"
#44 TObjectId "abort"
#44 TLparen "("
#44 TRparen ")"
#44 TSemi ";"
#44 TStrConst ""
#44 TSemi ";"
#44 TRbrace "}"
#45 TFi "fi"
#45 TFi "fi"
#45 TFi "fi"
#45 TFi "fi"
#45 TFi "fi"
#45 TFi "fi"
#45 TFi "fi"
#45 TFi "fi"
#45 TFi "fi"
#45 TFi "fi"
#46 TRbrace "}"
#46 TSemi ";"
#56 TObjectId "a2i"
#56 TLparen "("
#56 TObjectId "s"
#56 TColon ":"
#56 TTypeId "String"
#56 TRparen ")"
#56 TColon ":"
#56 TTypeId "Int"
#56 TLbrace "{"
#57 TIf "if"
#57 TObjectId "s"
#57 TDot "."
#57 TObjectId "length"
#57 TLparen "("
#57 TRparen ")"
#57 TEq "="
#57 TIntConst "0"
#57 TThen "then"
#57 TIntConst "0"
#57 TElse "else"
#58 TIf "if"
#58 TObjectId "s"
#58 TDot "."
#58 TObjectId "substr"
#58 TLparen "("
#58 TIntConst "0"
#58 TComma ","
#58 TIntConst "1"
#58 TRparen ")"
#58 TEq "="
#58 TStrConst "-"
#58 TThen "then"
#58 TNeg "~"
#58 TObjectId "a2i_aux"
#58 TLparen "("
#58 TObjectId "s"
#58 TDot "."
#58 TObjectId "substr"
#58 TLparen "("
#58 TIntConst "1"
#58 TComma ","
#58 TObjectId "s"
#58 TDot "."
#58 TObjectId "length"
#58 TLparen "("
#58 TRparen ")"
#58 TMinus "-"
#58 TIntConst "1"
#58 TRparen ")"
#58 TRparen ")"
#58 TElse "else"
#59 TIf "if"
#59 TObjectId "s"
#59 TDot "."
#59 TObjectId "substr"
#59 TLparen "("
#59 TIntConst "0"
#59 TComma ","
#59 TIntConst "1"
#59 TRparen ")"
#59 TEq "="
#59 TStrConst "+"
#59 TThen "then"
#59 TObjectId "a2i_aux"
#59 TLparen "("
#59 TObjectId "s"
#59 TDot "."
#59 TObjectId "substr"
#59 TLparen "("
#59 TIntConst "1"
#59 TComma ","
#59 TObjectId "s"
#59 TDot "."
#59 TObjectId "length"
#59 TLparen "("
#59 TRparen ")"
#59 TMinus "-"
#59 TIntConst "1"
#59 TRparen ")"
#59 TRparen ")"
#59 TElse "else"
#60 TObjectId "a2i_aux"
#60 TLparen "("
#60 TObjectId "s"
#60 TRparen ")"
#61 TFi "fi"
#61 TFi "fi"
#61 TFi "fi"
#62 TRbrace "}"
#62 TSemi ";"
#68 TObjectId "a2i_aux"
#68 TLparen "("
#68 TObjectId "s"
#68 TColon ":"
#68 TTypeId "String"
#68 TRparen ")"
#68 TColon ":"
#68 TTypeId "Int"
#68 TLbrace "{"
#69 TLparen "("
#69 TLet "let"
#69 TObjectId "int"
#69 TColon ":"
#69 TTypeId "Int"
#69 TAssign "<-"
#69 TIntConst "0"
#69 TIn "in"
#70 TLbrace "{"
#71 TLparen "("
#71 TLet "let"
#71 TObjectId "j"
#71 TColon ":"
#71 TTypeId "Int"
#71 TAssign "<-"
#71 TObjectId "s"
#71 TDot "."
#71 TObjectId "length"
#71 TLparen "("
#71 TRparen ")"
#71 TIn "in"
#72 TLparen "("
#72 TLet "let"
#72 TObjectId "i"
#72 TColon ":"
#72 TTypeId "Int"
#72 TAssign "<-"
#72 TIntConst "0"
#72 TIn "in"
#73 TWhile "while"
#73 TObjectId "i"
#73 TLt "<"
#73 TObjectId "j"
#73 TLoop "loop"
#74 TLbrace "{"
#75 TObjectId "int"
#75 TAssign "<-"
#75 TObjectId "int"
#75 TMult "*"
#75 TIntConst "10"
#75 TPlus "+"
#75 TObjectId "c2i"
#75 TLparen "("
#75 TObjectId "s"
#75 TDot "."
#75 TObjectId "substr"
#75 TLparen "("
#75 TObjectId "i"
#75 TComma ","
#75 TIntConst "1"
#75 TRparen ")"
#75 TRparen ")"
#75 TSemi ";"
#76 TObjectId "i"
#76 TAssign "<-"
#76 TObjectId "i"
#76 TPlus "+"
#76 TIntConst "1"
#76 TSemi ";"
#77 TRbrace "}"
#78 TPool "pool"
#79 TRparen ")"
#80 TRparen ")"
#80 TSemi ";"
#81 TObjectId "int"
#81 TSemi ";"
#82 TRbrace "}"
#83 TRparen ")"
#84 TRbrace "}"
#84 TSemi ";"
#90 TObjectId "i2a"
#90 TLparen "("
#90 TObjectId "i"
#90 TColon ":"
#90 TTypeId "Int"
#90 TRparen ")"
#90 TColon ":"
#90 TTypeId "String"
#90 TLbrace "{"
#91 TIf "if"
#91 TObjectId "i"
#91 TEq "="
#91 TIntConst "0"
#91 TThen "then"
#91 TStrConst "0"
#91 TElse "else"
#92 TIf "if"
#92 TIntConst "0"
#92 TLt "<"
#92 TObjectId "i"
#92 TThen "then"
#92 TObjectId "i2a_aux"
#92 TLparen "("
#92 TObjectId "i"
#92 TRparen ")"
#92 TElse "else"
#93 TStrConst "-"
#93 TDot "."
#93 TObjectId "concat"
#93 TLparen "("
#93 TObjectId "i2a_aux"
#93 TLparen "("
#93 TObjectId "i"
#93 TMult "*"
#93 TNeg "~"
#93 TIntConst "1"
#93 TRparen ")"
#93 TRparen ")"
#94 TFi "fi"
#94 TFi "fi"
#95 TRbrace "}"
#95 TSemi ";"
#100 TObjectId "i2a_aux"
#100 TLparen "("
#100 TObjectId "i"
#100 TColon ":"
#100 TTypeId "Int"
#100 TRparen ")"
#100 TColon ":"
#100 TTypeId "String"
#100 TLbrace "{"
#101 TIf "if"
#101 TObjectId "i"
#101 TEq "="
#101 TIntConst "0"
#101 TThen "then"
#101 TStrConst ""
#101 TElse "else"
#102 TLparen "("
#102 TLet "let"
#102 TObjectId "next"
#102 TColon ":"
#102 TTypeId "Int"
#102 TAssign "<-"
#102 TObjectId "i"
#102 TDiv "/"
#102 TIntConst "10"
#102 TIn "in"
#103 TObjectId "i2a_aux"
#103 TLparen "("
#103 TObjectId "next"
#103 TRparen ")"
#103 TDot "."
#103 TObjectId "concat"
#103 TLparen "("
#103 TObjectId "i2c"
#103 TLparen "("
#103 TObjectId "i"
#103 TMinus "-"
#103 TObjectId "next"
#103 TMult "*"
#103 TIntConst "10"
#103 TRparen ")"
#103 TRparen ")"
#104 TRparen ")"
#105 TFi "fi"
#106 TRbrace "}"
#106 TSemi ";"
#108 TRbrace "}"
#108 TSemi ";"
