#name src/test/resources/scanner/input/badkeywords.cool
#1 TObjectId "casee"
#2 TObjectId "elsif"
#3 TObjectId "form"
#4 TObjectId "es"
#4 TSemi ";"
#4 TObjectId "ac"
#5 TObjectId "true9"
#6 TTypeId "False"
#7 TObjectId "fi_if"
#8 TObjectId "inh"
#8 TObjectId "erits"
#9 TObjectId "isS"
#10 TObjectId "isv"
#10 TTypeId "Oid"
#11 TTypeId "Loopnew"
#12 TTypeId "NOte"
#13 TObjectId "ofofofofof"
#14 TTypeId "PO8ol"
#15 TThen "THEN"
#16 TObjectId "hile"
#17 TObjectId "ifif"
#18 TTypeId "IFIF"
#19 TObjectId "fif"
