#name src/test/resources/scanner/input/book_list.cl.cool
#3 TKlass "Class"
#3 TTypeId "Book"
#3 TInherits "inherits"
#3 TTypeId "IO"
#3 TLbrace "{"
#4 TObjectId "title"
#4 TColon ":"
#4 TTypeId "String"
#4 TSemi ";"
#5 TObjectId "author"
#5 TColon ":"
#5 TTypeId "String"
#5 TSemi ";"
#7 TObjectId "initBook"
#7 TLparen "("
#7 TObjectId "title_p"
#7 TColon ":"
#7 TTypeId "String"
#7 TComma ","
#7 TObjectId "author_p"
#7 TColon ":"
#7 TTypeId "String"
#7 TRparen ")"
#7 TColon ":"
#7 TTypeId "Book"
#7 TLbrace "{"
#8 TLbrace "{"
#9 TObjectId "title"
#9 TAssign "<-"
#9 TObjectId "title_p"
#9 TSemi ";"
#10 TObjectId "author"
#10 TAssign "<-"
#10 TObjectId "author_p"
#10 TSemi ";"
#11 TObjectId "self"
#11 TSemi ";"
#12 TRbrace "}"
#13 TRbrace "}"
#13 TSemi ";"
#15 TObjectId "print"
#15 TLparen "("
#15 TRparen ")"
#15 TColon ":"
#15 TTypeId "Book"
#15 TLbrace "{"
#16 TLbrace "{"
#17 TObjectId "out_string"
#17 TLparen "("
#17 TStrConst "title:      "
#17 TRparen ")"
#17 TDot "."
#17 TObjectId "out_string"
#17 TLparen "("
#17 TObjectId "title"
#17 TRparen ")"
#17 TDot "."
#17 TObjectId "out_string"
#17 TLparen "("
#17 TStrConst "\n"
#17 TRparen ")"
#17 TSemi ";"
#18 TObjectId "out_string"
#18 TLparen "("
#18 TStrConst "author:     "
#18 TRparen ")"
#18 TDot "."
#18 TObjectId "out_string"
#18 TLparen "("
#18 TObjectId "author"
#18 TRparen ")"
#18 TDot "."
#18 TObjectId "out_string"
#18 TLparen "("
#18 TStrConst "\n"
#18 TRparen ")"
#18 TSemi ";"
#19 TObjectId "self"
#19 TSemi ";"
#20 TRbrace "}"
#21 TRbrace "}"
#21 TSemi ";"
#22 TRbrace "}"
#22 TSemi ";"
#24 TKlass "Class"
#24 TTypeId "Article"
#24 TInherits "inherits"
#24 TTypeId "Book"
#24 TLbrace "{"
#25 TObjectId "per_title"
#25 TColon ":"
#25 TTypeId "String"
#25 TSemi ";"
#27 TObjectId "initArticle"
#27 TLparen "("
#27 TObjectId "title_p"
#27 TColon ":"
#27 TTypeId "String"
#27 TComma ","
#27 TObjectId "author_p"
#27 TColon ":"
#27 TTypeId "String"
#27 TComma ","
#28 TObjectId "per_title_p"
#28 TColon ":"
#28 TTypeId "String"
#28 TRparen ")"
#28 TColon ":"
#28 TTypeId "Article"
#28 TLbrace "{"
#29 TLbrace "{"
#30 TObjectId "initBook"
#30 TLparen "("
#30 TObjectId "title_p"
#30 TComma ","
#30 TObjectId "author_p"
#30 TRparen ")"
#30 TSemi ";"
#31 TObjectId "per_title"
#31 TAssign "<-"
#31 TObjectId "per_title_p"
#31 TSemi ";"
#32 TObjectId "self"
#32 TSemi ";"
#33 TRbrace "}"
#34 TRbrace "}"
#34 TSemi ";"
#36 TObjectId "print"
#36 TLparen "("
#36 TRparen ")"
#36 TColon ":"
#36 TTypeId "Book"
#36 TLbrace "{"
#37 TLbrace "{"
#38 TObjectId "self"
#38 TAt "@"
#38 TTypeId "Book"
#38 TDot "."
#38 TObjectId "print"
#38 TLparen "("
#38 TRparen ")"
#38 TSemi ";"
#39 TObjectId "out_string"
#39 TLparen "("
#39 TStrConst "periodical:  "
#39 TRparen ")"
#39 TDot "."
#39 TObjectId "out_string"
#39 TLparen "("
#39 TObjectId "per_title"
#39 TRparen ")"
#39 TDot "."
#39 TObjectId "out_string"
#39 TLparen "("
#39 TStrConst "\n"
#39 TRparen ")"
#39 TSemi ";"
#40 TObjectId "self"
#40 TSemi ";"
#41 TRbrace "}"
#42 TRbrace "}"
#42 TSemi ";"
#43 TRbrace "}"
#43 TSemi ";"
#45 TKlass "Class"
#45 TTypeId "BookList"
#45 TInherits "inherits"
#45 TTypeId "IO"
#45 TLbrace "{"
#50 TObjectId "isNil"
#50 TLparen "("
#50 TRparen ")"
#50 TColon ":"
#50 TTypeId "Bool"
#50 TLbrace "{"
#50 TLbrace "{"
#50 TObjectId "abort"
#50 TLparen "("
#50 TRparen ")"
#50 TSemi ";"
#50 TBoolConst "true"
#50 TSemi ";"
#50 TRbrace "}"
#50 TRbrace "}"
#50 TSemi ";"
#52 TObjectId "cons"
#52 TLparen "("
#52 TObjectId "hd"
#52 TColon ":"
#52 TTypeId "Book"
#52 TRparen ")"
#52 TColon ":"
#52 TTypeId "Cons"
#52 TLbrace "{"
#53 TLparen "("
#53 TLet "let"
#53 TObjectId "new_cell"
#53 TColon ":"
#53 TTypeId "Cons"
#53 TAssign "<-"
#53 TNew "new"
#53 TTypeId "Cons"
#53 TIn "in"
#54 TObjectId "new_cell"
#54 TDot "."
#54 TObjectId "init"
#54 TLparen "("
#54 TObjectId "hd"
#54 TComma ","
#54 TObjectId "self"
#54 TRparen ")"
#55 TRparen ")"
#56 TRbrace "}"
#56 TSemi ";"
#62 TObjectId "car"
#62 TLparen "("
#62 TRparen ")"
#62 TColon ":"
#62 TTypeId "Book"
#62 TLbrace "{"
#62 TLbrace "{"
#62 TObjectId "abort"
#62 TLparen "("
#62 TRparen ")"
#62 TSemi ";"
#62 TNew "new"
#62 TTypeId "Book"
#62 TSemi ";"
#62 TRbrace "}"
#62 TRbrace "}"
#62 TSemi ";"
#68 TObjectId "cdr"
#68 TLparen "("
#68 TRparen ")"
#68 TColon ":"
#68 TTypeId "BookList"
#68 TLbrace "{"
#68 TLbrace "{"
#68 TObjectId "abort"
#68 TLparen "("
#68 TRparen ")"
#68 TSemi ";"
#68 TNew "new"
#68 TTypeId "BookList"
#68 TSemi ";"
#68 TRbrace "}"
#68 TRbrace "}"
#68 TSemi ";"
#70 TObjectId "print_list"
#70 TLparen "("
#70 TRparen ")"
#70 TColon ":"
#70 TTypeId "Object"
#70 TLbrace "{"
#70 TObjectId "abort"
#70 TLparen "("
#70 TRparen ")"
#70 TRbrace "}"
#70 TSemi ";"
#71 TRbrace "}"
#71 TSemi ";"
#73 TKlass "Class"
#73 TTypeId "Cons"
#73 TInherits "inherits"
#73 TTypeId "BookList"
#73 TLbrace "{"
#74 TObjectId "xcar"
#74 TColon ":"
#74 TTypeId "Book"
#74 TSemi ";"
#75 TObjectId "xcdr"
#75 TColon ":"
#75 TTypeId "BookList"
#75 TSemi ";"
#79 TObjectId "isNil"
#79 TLparen "("
#79 TRparen ")"
#79 TColon ":"
#79 TTypeId "Bool"
#79 TLbrace "{"
#79 TBoolConst "false"
#79 TRbrace "}"
#79 TSemi ";"
#81 TObjectId "init"
#81 TLparen "("
#81 TObjectId "hd"
#81 TColon ":"
#81 TTypeId "Book"
#81 TComma ","
#81 TObjectId "tl"
#81 TColon ":"
#81 TTypeId "BookList"
#81 TRparen ")"
#81 TColon ":"
#81 TTypeId "Cons"
#81 TLbrace "{"
#82 TLbrace "{"
#83 TObjectId "xcar"
#83 TAssign "<-"
#83 TObjectId "hd"
#83 TSemi ";"
#84 TObjectId "xcdr"
#84 TAssign "<-"
#84 TObjectId "tl"
#84 TSemi ";"
#85 TObjectId "self"
#85 TSemi ";"
#86 TRbrace "}"
#87 TRbrace "}"
#87 TSemi ";"
#89 TObjectId "car"
#89 TLparen "("
#89 TRparen ")"
#89 TColon ":"
#89 TTypeId "Book"
#89 TLbrace "{"
#89 TObjectId "xcar"
#89 TRbrace "}"
#89 TSemi ";"
#91 TObjectId "cdr"
#91 TLparen "("
#91 TRparen ")"
#91 TColon ":"
#91 TTypeId "BookList"
#91 TLbrace "{"
#91 TObjectId "xcdr"
#91 TRbrace "}"
#91 TSemi ";"
#93 TObjectId "print_list"
#93 TLparen "("
#93 TRparen ")"
#93 TColon ":"
#93 TTypeId "Object"
#93 TLbrace "{"
#94 TLbrace "{"
#95 TCase "case"
#95 TObjectId "xcar"
#95 TDot "."
#95 TObjectId "print"
#95 TLparen "("
#95 TRparen ")"
#95 TOf "of"
#96 TObjectId "dummy"
#96 TColon ":"
#96 TTypeId "Book"
#96 TDarrow "=>"
#96 TObjectId "out_string"
#96 TLparen "("
#96 TStrConst "- dynamic type was Book -\n"
#96 TRparen ")"
#96 TSemi ";"
#97 TObjectId "dummy"
#97 TColon ":"
#97 TTypeId "Article"
#97 TDarrow "=>"
#97 TObjectId "out_string"
#97 TLparen "("
#97 TStrConst "- dynamic type was Article -\n"
#97 TRparen ")"
#97 TSemi ";"
#98 TEsac "esac"
#98 TSemi ";"
#99 TObjectId "xcdr"
#99 TDot "."
#99 TObjectId "print_list"
#99 TLparen "("
#99 TRparen ")"
#99 TSemi ";"
#100 TRbrace "}"
#101 TRbrace "}"
#101 TSemi ";"
#102 TRbrace "}"
#102 TSemi ";"
#104 TKlass "Class"
#104 TTypeId "Nil"
#104 TInherits "inherits"
#104 TTypeId "BookList"
#104 TLbrace "{"
#105 TObjectId "isNil"
#105 TLparen "("
#105 TRparen ")"
#105 TColon ":"
#105 TTypeId "Bool"
#105 TLbrace "{"
#105 TBoolConst "true"
#105 TRbrace "}"
#105 TSemi ";"
#107 TObjectId "print_list"
#107 TLparen "("
#107 TRparen ")"
#107 TColon ":"
#107 TTypeId "Object"
#107 TLbrace "{"
#107 TBoolConst "true"
#107 TRbrace "}"
#107 TSemi ";"
#108 TRbrace "}"
#108 TSemi ";"
#111 TKlass "Class"
#111 TTypeId "Main"
#111 TLbrace "{"
#113 TObjectId "books"
#113 TColon ":"
#113 TTypeId "BookList"
#113 TSemi ";"
#115 TObjectId "main"
#115 TLparen "("
#115 TRparen ")"
#115 TColon ":"
#115 TTypeId "Object"
#115 TLbrace "{"
#116 TLparen "("
#116 TLet "let"
#116 TObjectId "a_book"
#116 TColon ":"
#116 TTypeId "Book"
#116 TAssign "<-"
#117 TLparen "("
#117 TNew "new"
#117 TTypeId "Book"
#117 TRparen ")"
#117 TDot "."
#117 TObjectId "initBook"
#117 TLparen "("
#117 TStrConst "Compilers, Principles, Techniques, and Tools"
#117 TComma ","
#118 TStrConst "Aho, Sethi, and Ullman"
#118 TRparen ")"
#119 TIn "in"
#120 TLparen "("
#120 TLet "let"
#120 TObjectId "an_article"
#120 TColon ":"
#120 TTypeId "Article"
#120 TAssign "<-"
#121 TLparen "("
#121 TNew "new"
#121 TTypeId "Article"
#121 TRparen ")"
#121 TDot "."
#121 TObjectId "initArticle"
#121 TLparen "("
#121 TStrConst "The Top 100 CD_ROMs"
#121 TComma ","
#122 TStrConst "Ulanoff"
#122 TComma ","
#123 TStrConst "PC Magazine"
#123 TRparen ")"
#124 TIn "in"
#125 TLbrace "{"
#126 TObjectId "books"
#126 TAssign "<-"
#126 TLparen "("
#126 TNew "new"
#126 TTypeId "Nil"
#126 TRparen ")"
#126 TDot "."
#126 TObjectId "cons"
#126 TLparen "("
#126 TObjectId "a_book"
#126 TRparen ")"
#126 TDot "."
#126 TObjectId "cons"
#126 TLparen "("
#126 TObjectId "an_article"
#126 TRparen ")"
#126 TSemi ";"
#127 TObjectId "books"
#127 TDot "."
#127 TObjectId "print_list"
#127 TLparen "("
#127 TRparen ")"
#127 TSemi ";"
#128 TRbrace "}"
#129 TRparen ")"
#130 TRparen ")"
#131 TRbrace "}"
#131 TSemi ";"
#132 TRbrace "}"
#132 TSemi ";"
