#name src/test/resources/scanner/input/hairyscary.cool
#3 TKlass "class"
#3 TTypeId "Foo"
#3 TInherits "inherits"
#3 TTypeId "Bazz"
#3 TLbrace "{"
#4 TObjectId "a"
#4 TColon ":"
#4 TTypeId "Razz"
#4 TAssign "<-"
#4 TCase "case"
#4 TObjectId "self"
#4 TOf "of"
#5 TObjectId "n"
#5 TColon ":"
#5 TTypeId "Razz"
#5 TDarrow "=>"
#5 TLparen "("
#5 TNew "new"
#5 TTypeId "Bar"
#5 TRparen ")"
#5 TSemi ";"
#6 TObjectId "n"
#6 TColon ":"
#6 TTypeId "Foo"
#6 TDarrow "=>"
#6 TLparen "("
#6 TNew "new"
#6 TTypeId "Razz"
#6 TRparen ")"
#6 TSemi ";"
#7 TObjectId "n"
#7 TColon ":"
#7 TTypeId "Bar"
#7 TDarrow "=>"
#7 TObjectId "n"
#7 TSemi ";"
#8 TEsac "esac"
#8 TSemi ";"
#10 TObjectId "b"
#10 TColon ":"
#10 TTypeId "Int"
#10 TAssign "<-"
#10 TObjectId "a"
#10 TDot "."
#10 TObjectId "doh"
#10 TLparen "("
#10 TRparen ")"
#10 TPlus "+"
#10 TObjectId "g"
#10 TDot "."
#10 TObjectId "doh"
#10 TLparen "("
#10 TRparen ")"
#10 TPlus "+"
#10 TObjectId "doh"
#10 TLparen "("
#10 TRparen ")"
#10 TPlus "+"
#10 TObjectId "printh"
#10 TLparen "("
#10 TRparen ")"
#10 TSemi ";"
#12 TObjectId "doh"
#12 TLparen "("
#12 TRparen ")"
#12 TColon ":"
#12 TTypeId "Int"
#12 TLbrace "{"
#12 TLparen "("
#12 TLet "let"
#12 TObjectId "i"
#12 TColon ":"
#12 TTypeId "Int"
#12 TAssign "<-"
#12 TObjectId "h"
#12 TIn "in"
#12 TLbrace "{"
#12 TObjectId "h"
#12 TAssign "<-"
#12 TObjectId "h"
#12 TPlus "+"
#12 TIntConst "2"
#12 TSemi ";"
#12 TObjectId "i"
#12 TSemi ";"
#12 TRbrace "}"
#12 TRparen ")"
#12 TRbrace "}"
#12 TSemi ";"
#14 TRbrace "}"
#14 TSemi ";"
#16 TKlass "class"
#16 TTypeId "Bar"
#16 TInherits "inherits"
#16 TTypeId "Razz"
#16 TLbrace "{"
#18 TObjectId "c"
#18 TColon ":"
#18 TTypeId "Int"
#18 TAssign "<-"
#18 TObjectId "doh"
#18 TLparen "("
#18 TRparen ")"
#18 TSemi ";"
#20 TObjectId "d"
#20 TColon ":"
#20 TTypeId "Object"
#20 TAssign "<-"
#20 TObjectId "printh"
#20 TLparen "("
#20 TRparen ")"
#20 TSemi ";"
#21 TRbrace "}"
#21 TSemi ";"
#24 TKlass "class"
#24 TTypeId "Razz"
#24 TInherits "inherits"
#24 TTypeId "Foo"
#24 TLbrace "{"
#26 TObjectId "e"
#26 TColon ":"
#26 TTypeId "Bar"
#26 TAssign "<-"
#26 TCase "case"
#26 TObjectId "self"
#26 TOf "of"
#27 TObjectId "n"
#27 TColon ":"
#27 TTypeId "Razz"
#27 TDarrow "=>"
#27 TLparen "("
#27 TNew "new"
#27 TTypeId "Bar"
#27 TRparen ")"
#27 TSemi ";"
#28 TObjectId "n"
#28 TColon ":"
#28 TTypeId "Bar"
#28 TDarrow "=>"
#28 TObjectId "n"
#28 TSemi ";"
#29 TEsac "esac"
#29 TSemi ";"
#31 TObjectId "f"
#31 TColon ":"
#31 TTypeId "Int"
#31 TAssign "<-"
#31 TObjectId "a"
#31 TAt "@"
#31 TTypeId "Bazz"
#31 TDot "."
#31 TObjectId "doh"
#31 TLparen "("
#31 TRparen ")"
#31 TPlus "+"
#31 TObjectId "g"
#31 TDot "."
#31 TObjectId "doh"
#31 TLparen "("
#31 TRparen ")"
#31 TPlus "+"
#31 TObjectId "e"
#31 TDot "."
#31 TObjectId "doh"
#31 TLparen "("
#31 TRparen ")"
#31 TPlus "+"
#31 TObjectId "doh"
#31 TLparen "("
#31 TRparen ")"
#31 TPlus "+"
#31 TObjectId "printh"
#31 TLparen "("
#31 TRparen ")"
#31 TSemi ";"
#33 TRbrace "}"
#33 TSemi ";"
#35 TKlass "class"
#35 TTypeId "Bazz"
#35 TInherits "inherits"
#35 TTypeId "IO"
#35 TLbrace "{"
#37 TObjectId "h"
#37 TColon ":"
#37 TTypeId "Int"
#37 TAssign "<-"
#37 TIntConst "1"
#37 TSemi ";"
#39 TObjectId "g"
#39 TColon ":"
#39 TTypeId "Foo"
#39 TAssign "<-"
#39 TCase "case"
#39 TObjectId "self"
#39 TOf "of"
#40 TObjectId "n"
#40 TColon ":"
#40 TTypeId "Bazz"
#40 TDarrow "=>"
#40 TLparen "("
#40 TNew "new"
#40 TTypeId "Foo"
#40 TRparen ")"
#40 TSemi ";"
#41 TObjectId "n"
#41 TColon ":"
#41 TTypeId "Razz"
#41 TDarrow "=>"
#41 TLparen "("
#41 TNew "new"
#41 TTypeId "Bar"
#41 TRparen ")"
#41 TSemi ";"
#42 TObjectId "n"
#42 TColon ":"
#42 TTypeId "Foo"
#42 TDarrow "=>"
#42 TLparen "("
#42 TNew "new"
#42 TTypeId "Razz"
#42 TRparen ")"
#42 TSemi ";"
#43 TObjectId "n"
#43 TColon ":"
#43 TTypeId "Bar"
#43 TDarrow "=>"
#43 TObjectId "n"
#43 TSemi ";"
#44 TEsac "esac"
#44 TSemi ";"
#46 TObjectId "i"
#46 TColon ":"
#46 TTypeId "Object"
#46 TAssign "<-"
#46 TObjectId "printh"
#46 TLparen "("
#46 TRparen ")"
#46 TSemi ";"
#48 TObjectId "printh"
#48 TLparen "("
#48 TRparen ")"
#48 TColon ":"
#48 TTypeId "Int"
#48 TLbrace "{"
#48 TLbrace "{"
#48 TObjectId "out_int"
#48 TLparen "("
#48 TObjectId "h"
#48 TRparen ")"
#48 TSemi ";"
#48 TIntConst "0"
#48 TSemi ";"
#48 TRbrace "}"
#48 TRbrace "}"
#48 TSemi ";"
#50 TObjectId "doh"
#50 TLparen "("
#50 TRparen ")"
#50 TColon ":"
#50 TTypeId "Int"
#50 TLbrace "{"
#50 TLparen "("
#50 TLet "let"
#50 TObjectId "i"
#50 TColon ":"
#50 TTypeId "Int"
#50 TAssign "<-"
#50 TObjectId "h"
#50 TIn "in"
#50 TLbrace "{"
#50 TObjectId "h"
#50 TAssign "<-"
#50 TObjectId "h"
#50 TPlus "+"
#50 TIntConst "1"
#50 TSemi ";"
#50 TObjectId "i"
#50 TSemi ";"
#50 TRbrace "}"
#50 TRparen ")"
#50 TRbrace "}"
#50 TSemi ";"
#51 TRbrace "}"
#51 TSemi ";"
#54 TKlass "class"
#54 TTypeId "Main"
#54 TLbrace "{"
#55 TObjectId "a"
#55 TColon ":"
#55 TTypeId "Bazz"
#55 TAssign "<-"
#55 TNew "new"
#55 TTypeId "Bazz"
#55 TSemi ";"
#56 TObjectId "b"
#56 TColon ":"
#56 TTypeId "Foo"
#56 TAssign "<-"
#56 TNew "new"
#56 TTypeId "Foo"
#56 TSemi ";"
#57 TObjectId "c"
#57 TColon ":"
#57 TTypeId "Razz"
#57 TAssign "<-"
#57 TNew "new"
#57 TTypeId "Razz"
#57 TSemi ";"
#58 TObjectId "d"
#58 TColon ":"
#58 TTypeId "Bar"
#58 TAssign "<-"
#58 TNew "new"
#58 TTypeId "Bar"
#58 TSemi ";"
#60 TObjectId "main"
#60 TLparen "("
#60 TRparen ")"
#60 TColon ":"
#60 TTypeId "String"
#60 TLbrace "{"
#60 TStrConst "do nothing"
#60 TRbrace "}"
#60 TSemi ";"
#62 TRbrace "}"
#62 TSemi ";"
