#name src/test/resources/scanner/input/io.cool
#49 TKlass "class"
#49 TTypeId "A"
#49 TLbrace "{"
#53 TObjectId "io"
#53 TColon ":"
#53 TTypeId "IO"
#53 TAssign "<-"
#53 TNew "new"
#53 TTypeId "IO"
#53 TSemi ";"
#55 TObjectId "out_a"
#55 TLparen "("
#55 TRparen ")"
#55 TColon ":"
#55 TTypeId "Object"
#55 TLbrace "{"
#55 TObjectId "io"
#55 TDot "."
#55 TObjectId "out_string"
#55 TLparen "("
#55 TStrConst "A: Hello world\n"
#55 TRparen ")"
#55 TRbrace "}"
#55 TSemi ";"
#57 TRbrace "}"
#57 TSemi ";"
#60 TKlass "class"
#60 TTypeId "B"
#60 TInherits "inherits"
#60 TTypeId "A"
#60 TLbrace "{"
#64 TObjectId "out_b"
#64 TLparen "("
#64 TRparen ")"
#64 TColon ":"
#64 TTypeId "Object"
#64 TLbrace "{"
#64 TObjectId "io"
#64 TDot "."
#64 TObjectId "out_string"
#64 TLparen "("
#64 TStrConst "B: Hello world\n"
#64 TRparen ")"
#64 TRbrace "}"
#64 TSemi ";"
#66 TRbrace "}"
#66 TSemi ";"
#69 TKlass "class"
#69 TTypeId "C"
#69 TInherits "inherits"
#69 TTypeId "IO"
#69 TLbrace "{"
#73 TObjectId "out_c"
#73 TLparen "("
#73 TRparen ")"
#73 TColon ":"
#73 TTypeId "Object"
#73 TLbrace "{"
#73 TObjectId "out_string"
#73 TLparen "("
#73 TStrConst "C: Hello world\n"
#73 TRparen ")"
#73 TRbrace "}"
#73 TSemi ";"
#77 TRbrace "}"
#77 TSemi ";"
#80 TKlass "class"
#80 TTypeId "D"
#80 TInherits "inherits"
#80 TTypeId "C"
#80 TLbrace "{"
#84 TObjectId "out_d"
#84 TLparen "("
#84 TRparen ")"
#84 TColon ":"
#84 TTypeId "Object"
#84 TLbrace "{"
#84 TObjectId "out_string"
#84 TLparen "("
#84 TStrConst "D: Hello world\n"
#84 TRparen ")"
#84 TRbrace "}"
#84 TSemi ";"
#86 TRbrace "}"
#86 TSemi ";"
#89 TKlass "class"
#89 TTypeId "Main"
#89 TInherits "inherits"
#89 TTypeId "IO"
#89 TLbrace "{"
#93 TObjectId "main"
#93 TLparen "("
#93 TRparen ")"
#93 TColon ":"
#93 TTypeId "Object"
#93 TLbrace "{"
#94 TLbrace "{"
#95 TLparen "("
#95 TNew "new"
#95 TTypeId "A"
#95 TRparen ")"
#95 TDot "."
#95 TObjectId "out_a"
#95 TLparen "("
#95 TRparen ")"
#95 TSemi ";"
#96 TLparen "("
#96 TNew "new"
#96 TTypeId "B"
#96 TRparen ")"
#96 TDot "."
#96 TObjectId "out_b"
#96 TLparen "("
#96 TRparen ")"
#96 TSemi ";"
#97 TLparen "("
#97 TNew "new"
#97 TTypeId "C"
#97 TRparen ")"
#97 TDot "."
#97 TObjectId "out_c"
#97 TLparen "("
#97 TRparen ")"
#97 TSemi ";"
#98 TLparen "("
#98 TNew "new"
#98 TTypeId "D"
#98 TRparen ")"
#98 TDot "."
#98 TObjectId "out_d"
#98 TLparen "("
#98 TRparen ")"
#98 TSemi ";"
#99 TObjectId "out_string"
#99 TLparen "("
#99 TStrConst "Done.\n"
#99 TRparen ")"
#99 TSemi ";"
#100 TRbrace "}"
#101 TRbrace "}"
#101 TSemi ";"
#103 TRbrace "}"
#103 TSemi ";"
