#name src/test/resources/scanner/input/life.cool
#45 TKlass "class"
#45 TTypeId "Board"
#45 TInherits "inherits"
#45 TTypeId "IO"
#45 TLbrace "{"
#47 TObjectId "rows"
#47 TColon ":"
#47 TTypeId "Int"
#47 TSemi ";"
#48 TObjectId "columns"
#48 TColon ":"
#48 TTypeId "Int"
#48 TSemi ";"
#49 TObjectId "board_size"
#49 TColon ":"
#49 TTypeId "Int"
#49 TSemi ";"
#51 TObjectId "size_of_board"
#51 TLparen "("
#51 TObjectId "initial"
#51 TColon ":"
#51 TTypeId "String"
#51 TRparen ")"
#51 TColon ":"
#51 TTypeId "Int"
#51 TLbrace "{"
#52 TObjectId "initial"
#52 TDot "."
#52 TObjectId "length"
#52 TLparen "("
#52 TRparen ")"
#53 TRbrace "}"
#53 TSemi ";"
#55 TObjectId "board_init"
#55 TLparen "("
#55 TObjectId "start"
#55 TColon ":"
#55 TTypeId "String"
#55 TRparen ")"
#55 TColon ":"
#55 TTypeId "SELF_TYPE"
#55 TLbrace "{"
#56 TLparen "("
#56 TLet "let"
#56 TObjectId "size"
#56 TColon ":"
#56 TTypeId "Int"
#56 TAssign "<-"
#56 TObjectId "size_of_board"
#56 TLparen "("
#56 TObjectId "start"
#56 TRparen ")"
#56 TIn "in"
#57 TLbrace "{"
#58 TIf "if"
#58 TObjectId "size"
#58 TEq "="
#58 TIntConst "15"
#58 TThen "then"
#59 TLbrace "{"
#60 TObjectId "rows"
#60 TAssign "<-"
#60 TIntConst "3"
#60 TSemi ";"
#61 TObjectId "columns"
#61 TAssign "<-"
#61 TIntConst "5"
#61 TSemi ";"
#62 TObjectId "board_size"
#62 TAssign "<-"
#62 TObjectId "size"
#62 TSemi ";"
#63 TRbrace "}"
#64 TElse "else"
#64 TIf "if"
#64 TObjectId "size"
#64 TEq "="
#64 TIntConst "16"
#64 TThen "then"
#65 TLbrace "{"
#66 TObjectId "rows"
#66 TAssign "<-"
#66 TIntConst "4"
#66 TSemi ";"
#67 TObjectId "columns"
#67 TAssign "<-"
#67 TIntConst "4"
#67 TSemi ";"
#68 TObjectId "board_size"
#68 TAssign "<-"
#68 TObjectId "size"
#68 TSemi ";"
#69 TRbrace "}"
#70 TElse "else"
#70 TIf "if"
#70 TObjectId "size"
#70 TEq "="
#70 TIntConst "20"
#70 TThen "then"
#71 TLbrace "{"
#72 TObjectId "rows"
#72 TAssign "<-"
#72 TIntConst "4"
#72 TSemi ";"
#73 TObjectId "columns"
#73 TAssign "<-"
#73 TIntConst "5"
#73 TSemi ";"
#74 TObjectId "board_size"
#74 TAssign "<-"
#74 TObjectId "size"
#74 TSemi ";"
#75 TRbrace "}"
#76 TElse "else"
#76 TIf "if"
#76 TObjectId "size"
#76 TEq "="
#76 TIntConst "21"
#76 TThen "then"
#77 TLbrace "{"
#78 TObjectId "rows"
#78 TAssign "<-"
#78 TIntConst "3"
#78 TSemi ";"
#79 TObjectId "columns"
#79 TAssign "<-"
#79 TIntConst "7"
#79 TSemi ";"
#80 TObjectId "board_size"
#80 TAssign "<-"
#80 TObjectId "size"
#80 TSemi ";"
#81 TRbrace "}"
#82 TElse "else"
#82 TIf "if"
#82 TObjectId "size"
#82 TEq "="
#82 TIntConst "25"
#82 TThen "then"
#83 TLbrace "{"
#84 TObjectId "rows"
#84 TAssign "<-"
#84 TIntConst "5"
#84 TSemi ";"
#85 TObjectId "columns"
#85 TAssign "<-"
#85 TIntConst "5"
#85 TSemi ";"
#86 TObjectId "board_size"
#86 TAssign "<-"
#86 TObjectId "size"
#86 TSemi ";"
#87 TRbrace "}"
#88 TElse "else"
#88 TIf "if"
#88 TObjectId "size"
#88 TEq "="
#88 TIntConst "28"
#88 TThen "then"
#89 TLbrace "{"
#90 TObjectId "rows"
#90 TAssign "<-"
#90 TIntConst "7"
#90 TSemi ";"
#91 TObjectId "columns"
#91 TAssign "<-"
#91 TIntConst "4"
#91 TSemi ";"
#92 TObjectId "board_size"
#92 TAssign "<-"
#92 TObjectId "size"
#92 TSemi ";"
#93 TRbrace "}"
#94 TElse "else"
#95 TLbrace "{"
#96 TObjectId "rows"
#96 TAssign "<-"
#96 TIntConst "5"
#96 TSemi ";"
#97 TObjectId "columns"
#97 TAssign "<-"
#97 TIntConst "5"
#97 TSemi ";"
#98 TObjectId "board_size"
#98 TAssign "<-"
#98 TObjectId "size"
#98 TSemi ";"
#99 TRbrace "}"
#100 TFi "fi"
#100 TFi "fi"
#100 TFi "fi"
#100 TFi "fi"
#100 TFi "fi"
#100 TFi "fi"
#100 TSemi ";"
#101 TObjectId "self"
#101 TSemi ";"
#102 TRbrace "}"
#103 TRparen ")"
#104 TRbrace "}"
#104 TSemi ";"
#106 TRbrace "}"
#106 TSemi ";"
#110 TKlass "class"
#110 TTypeId "CellularAutomaton"
#110 TInherits "inherits"
#110 TTypeId "Board"
#110 TLbrace "{"
#111 TObjectId "population_map"
#111 TColon ":"
#111 TTypeId "String"
#111 TSemi ";"
#113 TObjectId "init"
#113 TLparen "("
#113 TObjectId "map"
#113 TColon ":"
#113 TTypeId "String"
#113 TRparen ")"
#113 TColon ":"
#113 TTypeId "SELF_TYPE"
#113 TLbrace "{"
#114 TLbrace "{"
#115 TObjectId "population_map"
#115 TAssign "<-"
#115 TObjectId "map"
#115 TSemi ";"
#116 TObjectId "board_init"
#116 TLparen "("
#116 TObjectId "map"
#116 TRparen ")"
#116 TSemi ";"
#117 TObjectId "self"
#117 TSemi ";"
#118 TRbrace "}"
#119 TRbrace "}"
#119 TSemi ";"
#124 TObjectId "print"
#124 TLparen "("
#124 TRparen ")"
#124 TColon ":"
#124 TTypeId "SELF_TYPE"
#124 TLbrace "{"
#126 TLparen "("
#126 TLet "let"
#126 TObjectId "i"
#126 TColon ":"
#126 TTypeId "Int"
#126 TAssign "<-"
#126 TIntConst "0"
#126 TIn "in"
#127 TLparen "("
#127 TLet "let"
#127 TObjectId "num"
#127 TColon ":"
#127 TTypeId "Int"
#127 TAssign "<-"
#127 TObjectId "board_size"
#127 TIn "in"
#128 TLbrace "{"
#129 TObjectId "out_string"
#129 TLparen "("
#129 TStrConst "\n"
#129 TRparen ")"
#129 TSemi ";"
#130 TWhile "while"
#130 TObjectId "i"
#130 TLt "<"
#130 TObjectId "num"
#130 TLoop "loop"
#131 TLbrace "{"
#132 TObjectId "out_string"
#132 TLparen "("
#132 TObjectId "population_map"
#132 TDot "."
#132 TObjectId "substr"
#132 TLparen "("
#132 TObjectId "i"
#132 TComma ","
#132 TObjectId "columns"
#132 TRparen ")"
#132 TRparen ")"
#132 TSemi ";"
#133 TObjectId "out_string"
#133 TLparen "("
#133 TStrConst "\n"
#133 TRparen ")"
#133 TSemi ";"
#134 TObjectId "i"
#134 TAssign "<-"
#134 TObjectId "i"
#134 TPlus "+"
#134 TObjectId "columns"
#134 TSemi ";"
#135 TRbrace "}"
#136 TPool "pool"
#136 TSemi ";"
#137 TObjectId "out_string"
#137 TLparen "("
#137 TStrConst "\n"
#137 TRparen ")"
#137 TSemi ";"
#138 TObjectId "self"
#138 TSemi ";"
#139 TRbrace "}"
#140 TRparen ")"
#140 TRparen ")"
#141 TRbrace "}"
#141 TSemi ";"
#143 TObjectId "num_cells"
#143 TLparen "("
#143 TRparen ")"
#143 TColon ":"
#143 TTypeId "Int"
#143 TLbrace "{"
#144 TObjectId "population_map"
#144 TDot "."
#144 TObjectId "length"
#144 TLparen "("
#144 TRparen ")"
#145 TRbrace "}"
#145 TSemi ";"
#147 TObjectId "cell"
#147 TLparen "("
#147 TObjectId "position"
#147 TColon ":"
#147 TTypeId "Int"
#147 TRparen ")"
#147 TColon ":"
#147 TTypeId "String"
#147 TLbrace "{"
#148 TIf "if"
#148 TObjectId "board_size"
#148 TMinus "-"
#148 TIntConst "1"
#148 TLt "<"
#148 TObjectId "position"
#148 TThen "then"
#149 TStrConst " "
#150 TElse "else"
#151 TObjectId "population_map"
#151 TDot "."
#151 TObjectId "substr"
#151 TLparen "("
#151 TObjectId "position"
#151 TComma ","
#151 TIntConst "1"
#151 TRparen ")"
#152 TFi "fi"
#153 TRbrace "}"
#153 TSemi ";"
#155 TObjectId "north"
#155 TLparen "("
#155 TObjectId "position"
#155 TColon ":"
#155 TTypeId "Int"
#155 TRparen ")"
#155 TColon ":"
#155 TTypeId "String"
#155 TLbrace "{"
#156 TIf "if"
#156 TLparen "("
#156 TObjectId "position"
#156 TMinus "-"
#156 TObjectId "columns"
#156 TRparen ")"
#156 TLt "<"
#156 TIntConst "0"
#156 TThen "then"
#157 TStrConst " "
#158 TElse "else"
#159 TObjectId "cell"
#159 TLparen "("
#159 TObjectId "position"
#159 TMinus "-"
#159 TObjectId "columns"
#159 TRparen ")"
#160 TFi "fi"
#161 TRbrace "}"
#161 TSemi ";"
#163 TObjectId "south"
#163 TLparen "("
#163 TObjectId "position"
#163 TColon ":"
#163 TTypeId "Int"
#163 TRparen ")"
#163 TColon ":"
#163 TTypeId "String"
#163 TLbrace "{"
#164 TIf "if"
#164 TObjectId "board_size"
#164 TLt "<"
#164 TLparen "("
#164 TObjectId "position"
#164 TPlus "+"
#164 TObjectId "columns"
#164 TRparen ")"
#164 TThen "then"
#165 TStrConst " "
#166 TElse "else"
#167 TObjectId "cell"
#167 TLparen "("
#167 TObjectId "position"
#167 TPlus "+"
#167 TObjectId "columns"
#167 TRparen ")"
#168 TFi "fi"
#169 TRbrace "}"
#169 TSemi ";"
#171 TObjectId "east"
#171 TLparen "("
#171 TObjectId "position"
#171 TColon ":"
#171 TTypeId "Int"
#171 TRparen ")"
#171 TColon ":"
#171 TTypeId "String"
#171 TLbrace "{"
#172 TIf "if"
#172 TLparen "("
#172 TLparen "("
#172 TLparen "("
#172 TObjectId "position"
#172 TPlus "+"
#172 TIntConst "1"
#172 TRparen ")"
#172 TDiv "/"
#172 TObjectId "columns"
#172 TRparen ")"
#172 TMult "*"
#172 TObjectId "columns"
#172 TRparen ")"
#172 TEq "="
#172 TLparen "("
#172 TObjectId "position"
#172 TPlus "+"
#172 TIntConst "1"
#172 TRparen ")"
#172 TThen "then"
#173 TStrConst " "
#174 TElse "else"
#175 TObjectId "cell"
#175 TLparen "("
#175 TObjectId "position"
#175 TPlus "+"
#175 TIntConst "1"
#175 TRparen ")"
#176 TFi "fi"
#177 TRbrace "}"
#177 TSemi ";"
#179 TObjectId "west"
#179 TLparen "("
#179 TObjectId "position"
#179 TColon ":"
#179 TTypeId "Int"
#179 TRparen ")"
#179 TColon ":"
#179 TTypeId "String"
#179 TLbrace "{"
#180 TIf "if"
#180 TObjectId "position"
#180 TEq "="
#180 TIntConst "0"
#180 TThen "then"
#181 TStrConst " "
#182 TElse "else"
#183 TIf "if"
#183 TLparen "("
#183 TLparen "("
#183 TObjectId "position"
#183 TDiv "/"
#183 TObjectId "columns"
#183 TRparen ")"
#183 TMult "*"
#183 TObjectId "columns"
#183 TRparen ")"
#183 TEq "="
#183 TObjectId "position"
#183 TThen "then"
#184 TStrConst " "
#185 TElse "else"
#186 TObjectId "cell"
#186 TLparen "("
#186 TObjectId "position"
#186 TMinus "-"
#186 TIntConst "1"
#186 TRparen ")"
#187 TFi "fi"
#187 TFi "fi"
#188 TRbrace "}"
#188 TSemi ";"
#190 TObjectId "northwest"
#190 TLparen "("
#190 TObjectId "position"
#190 TColon ":"
#190 TTypeId "Int"
#190 TRparen ")"
#190 TColon ":"
#190 TTypeId "String"
#190 TLbrace "{"
#191 TIf "if"
#191 TLparen "("
#191 TObjectId "position"
#191 TMinus "-"
#191 TObjectId "columns"
#191 TRparen ")"
#191 TLt "<"
#191 TIntConst "0"
#191 TThen "then"
#192 TStrConst " "
#193 TElse "else"
#193 TIf "if"
#193 TLparen "("
#193 TLparen "("
#193 TObjectId "position"
#193 TDiv "/"
#193 TObjectId "columns"
#193 TRparen ")"
#193 TMult "*"
#193 TObjectId "columns"
#193 TRparen ")"
#193 TEq "="
#193 TObjectId "position"
#193 TThen "then"
#194 TStrConst " "
#195 TElse "else"
#196 TObjectId "north"
#196 TLparen "("
#196 TObjectId "position"
#196 TMinus "-"
#196 TIntConst "1"
#196 TRparen ")"
#197 TFi "fi"
#197 TFi "fi"
#198 TRbrace "}"
#198 TSemi ";"
#200 TObjectId "northeast"
#200 TLparen "("
#200 TObjectId "position"
#200 TColon ":"
#200 TTypeId "Int"
#200 TRparen ")"
#200 TColon ":"
#200 TTypeId "String"
#200 TLbrace "{"
#201 TIf "if"
#201 TLparen "("
#201 TObjectId "position"
#201 TMinus "-"
#201 TObjectId "columns"
#201 TRparen ")"
#201 TLt "<"
#201 TIntConst "0"
#201 TThen "then"
#202 TStrConst " "
#203 TElse "else"
#203 TIf "if"
#203 TLparen "("
#203 TLparen "("
#203 TLparen "("
#203 TObjectId "position"
#203 TPlus "+"
#203 TIntConst "1"
#203 TRparen ")"
#203 TDiv "/"
#203 TObjectId "columns"
#203 TRparen ")"
#203 TMult "*"
#203 TObjectId "columns"
#203 TRparen ")"
#203 TEq "="
#203 TLparen "("
#203 TObjectId "position"
#203 TPlus "+"
#203 TIntConst "1"
#203 TRparen ")"
#203 TThen "then"
#204 TStrConst " "
#205 TElse "else"
#206 TObjectId "north"
#206 TLparen "("
#206 TObjectId "position"
#206 TPlus "+"
#206 TIntConst "1"
#206 TRparen ")"
#207 TFi "fi"
#207 TFi "fi"
#208 TRbrace "}"
#208 TSemi ";"
#210 TObjectId "southeast"
#210 TLparen "("
#210 TObjectId "position"
#210 TColon ":"
#210 TTypeId "Int"
#210 TRparen ")"
#210 TColon ":"
#210 TTypeId "String"
#210 TLbrace "{"
#211 TIf "if"
#211 TObjectId "board_size"
#211 TLt "<"
#211 TLparen "("
#211 TObjectId "position"
#211 TPlus "+"
#211 TObjectId "columns"
#211 TRparen ")"
#211 TThen "then"
#212 TStrConst " "
#213 TElse "else"
#213 TIf "if"
#213 TLparen "("
#213 TLparen "("
#213 TLparen "("
#213 TObjectId "position"
#213 TPlus "+"
#213 TIntConst "1"
#213 TRparen ")"
#213 TDiv "/"
#213 TObjectId "columns"
#213 TRparen ")"
#213 TMult "*"
#213 TObjectId "columns"
#213 TRparen ")"
#213 TEq "="
#213 TLparen "("
#213 TObjectId "position"
#213 TPlus "+"
#213 TIntConst "1"
#213 TRparen ")"
#213 TThen "then"
#214 TStrConst " "
#215 TElse "else"
#216 TObjectId "south"
#216 TLparen "("
#216 TObjectId "position"
#216 TPlus "+"
#216 TIntConst "1"
#216 TRparen ")"
#217 TFi "fi"
#217 TFi "fi"
#218 TRbrace "}"
#218 TSemi ";"
#220 TObjectId "southwest"
#220 TLparen "("
#220 TObjectId "position"
#220 TColon ":"
#220 TTypeId "Int"
#220 TRparen ")"
#220 TColon ":"
#220 TTypeId "String"
#220 TLbrace "{"
#221 TIf "if"
#221 TObjectId "board_size"
#221 TLt "<"
#221 TLparen "("
#221 TObjectId "position"
#221 TPlus "+"
#221 TObjectId "columns"
#221 TRparen ")"
#221 TThen "then"
#222 TStrConst " "
#223 TElse "else"
#223 TIf "if"
#223 TLparen "("
#223 TLparen "("
#223 TObjectId "position"
#223 TDiv "/"
#223 TObjectId "columns"
#223 TRparen ")"
#223 TMult "*"
#223 TObjectId "columns"
#223 TRparen ")"
#223 TEq "="
#223 TObjectId "position"
#223 TThen "then"
#224 TStrConst " "
#225 TElse "else"
#226 TObjectId "south"
#226 TLparen "("
#226 TObjectId "position"
#226 TMinus "-"
#226 TIntConst "1"
#226 TRparen ")"
#227 TFi "fi"
#227 TFi "fi"
#228 TRbrace "}"
#228 TSemi ";"
#230 TObjectId "neighbors"
#230 TLparen "("
#230 TObjectId "position"
#230 TColon ":"
#230 TTypeId "Int"
#230 TRparen ")"
#230 TColon ":"
#230 TTypeId "Int"
#230 TLbrace "{"
#231 TLbrace "{"
#232 TIf "if"
#232 TObjectId "north"
#232 TLparen "("
#232 TObjectId "position"
#232 TRparen ")"
#232 TEq "="
#232 TStrConst "X"
#232 TThen "then"
#232 TIntConst "1"
#232 TElse "else"
#232 TIntConst "0"
#232 TFi "fi"
#233 TPlus "+"
#233 TIf "if"
#233 TObjectId "south"
#233 TLparen "("
#233 TObjectId "position"
#233 TRparen ")"
#233 TEq "="
#233 TStrConst "X"
#233 TThen "then"
#233 TIntConst "1"
#233 TElse "else"
#233 TIntConst "0"
#233 TFi "fi"
#234 TPlus "+"
#234 TIf "if"
#234 TObjectId "east"
#234 TLparen "("
#234 TObjectId "position"
#234 TRparen ")"
#234 TEq "="
#234 TStrConst "X"
#234 TThen "then"
#234 TIntConst "1"
#234 TElse "else"
#234 TIntConst "0"
#234 TFi "fi"
#235 TPlus "+"
#235 TIf "if"
#235 TObjectId "west"
#235 TLparen "("
#235 TObjectId "position"
#235 TRparen ")"
#235 TEq "="
#235 TStrConst "X"
#235 TThen "then"
#235 TIntConst "1"
#235 TElse "else"
#235 TIntConst "0"
#235 TFi "fi"
#236 TPlus "+"
#236 TIf "if"
#236 TObjectId "northeast"
#236 TLparen "("
#236 TObjectId "position"
#236 TRparen ")"
#236 TEq "="
#236 TStrConst "X"
#236 TThen "then"
#236 TIntConst "1"
#236 TElse "else"
#236 TIntConst "0"
#236 TFi "fi"
#237 TPlus "+"
#237 TIf "if"
#237 TObjectId "northwest"
#237 TLparen "("
#237 TObjectId "position"
#237 TRparen ")"
#237 TEq "="
#237 TStrConst "X"
#237 TThen "then"
#237 TIntConst "1"
#237 TElse "else"
#237 TIntConst "0"
#237 TFi "fi"
#238 TPlus "+"
#238 TIf "if"
#238 TObjectId "southeast"
#238 TLparen "("
#238 TObjectId "position"
#238 TRparen ")"
#238 TEq "="
#238 TStrConst "X"
#238 TThen "then"
#238 TIntConst "1"
#238 TElse "else"
#238 TIntConst "0"
#238 TFi "fi"
#239 TPlus "+"
#239 TIf "if"
#239 TObjectId "southwest"
#239 TLparen "("
#239 TObjectId "position"
#239 TRparen ")"
#239 TEq "="
#239 TStrConst "X"
#239 TThen "then"
#239 TIntConst "1"
#239 TElse "else"
#239 TIntConst "0"
#239 TFi "fi"
#239 TSemi ";"
#240 TRbrace "}"
#241 TRbrace "}"
#241 TSemi ";"
#247 TObjectId "cell_at_next_evolution"
#247 TLparen "("
#247 TObjectId "position"
#247 TColon ":"
#247 TTypeId "Int"
#247 TRparen ")"
#247 TColon ":"
#247 TTypeId "String"
#247 TLbrace "{"
#249 TIf "if"
#249 TObjectId "neighbors"
#249 TLparen "("
#249 TObjectId "position"
#249 TRparen ")"
#249 TEq "="
#249 TIntConst "3"
#249 TThen "then"
#250 TStrConst "X"
#251 TElse "else"
#252 TIf "if"
#252 TObjectId "neighbors"
#252 TLparen "("
#252 TObjectId "position"
#252 TRparen ")"
#252 TEq "="
#252 TIntConst "2"
#252 TThen "then"
#253 TIf "if"
#253 TObjectId "cell"
#253 TLparen "("
#253 TObjectId "position"
#253 TRparen ")"
#253 TEq "="
#253 TStrConst "X"
#253 TThen "then"
#254 TStrConst "X"
#255 TElse "else"
#256 TStrConst "-"
#257 TFi "fi"
#258 TElse "else"
#259 TStrConst "-"
#260 TFi "fi"
#260 TFi "fi"
#261 TRbrace "}"
#261 TSemi ";"
#264 TObjectId "evolve"
#264 TLparen "("
#264 TRparen ")"
#264 TColon ":"
#264 TTypeId "SELF_TYPE"
#264 TLbrace "{"
#265 TLparen "("
#265 TLet "let"
#265 TObjectId "position"
#265 TColon ":"
#265 TTypeId "Int"
#265 TAssign "<-"
#265 TIntConst "0"
#265 TIn "in"
#266 TLparen "("
#266 TLet "let"
#266 TObjectId "num"
#266 TColon ":"
#266 TTypeId "Int"
#266 TAssign "<-"
#266 TObjectId "num_cells"
#266 TLparen "("
#266 TRparen ")"
#266 TIn "in"
#267 TLparen "("
#267 TLet "let"
#267 TObjectId "temp"
#267 TColon ":"
#267 TTypeId "String"
#267 TIn "in"
#268 TLbrace "{"
#269 TWhile "while"
#269 TObjectId "position"
#269 TLt "<"
#269 TObjectId "num"
#269 TLoop "loop"
#270 TLbrace "{"
#271 TObjectId "temp"
#271 TAssign "<-"
#271 TObjectId "temp"
#271 TDot "."
#271 TObjectId "concat"
#271 TLparen "("
#271 TObjectId "cell_at_next_evolution"
#271 TLparen "("
#271 TObjectId "position"
#271 TRparen ")"
#271 TRparen ")"
#271 TSemi ";"
#272 TObjectId "position"
#272 TAssign "<-"
#272 TObjectId "position"
#272 TPlus "+"
#272 TIntConst "1"
#272 TSemi ";"
#273 TRbrace "}"
#274 TPool "pool"
#274 TSemi ";"
#275 TObjectId "population_map"
#275 TAssign "<-"
#275 TObjectId "temp"
#275 TSemi ";"
#276 TObjectId "self"
#276 TSemi ";"
#277 TRbrace "}"
#278 TRparen ")"
#278 TRparen ")"
#278 TRparen ")"
#279 TRbrace "}"
#279 TSemi ";"
#284 TObjectId "option"
#284 TLparen "("
#284 TRparen ")"
#284 TColon ":"
#284 TTypeId "String"
#284 TLbrace "{"
#285 TLbrace "{"
#286 TLparen "("
#286 TLet "let"
#286 TObjectId "num"
#286 TColon ":"
#286 TTypeId "Int"
#286 TIn "in"
#287 TLbrace "{"
#288 TObjectId "out_string"
#288 TLparen "("
#288 TStrConst "\nPlease chose a number:\n"
#288 TRparen ")"
#288 TSemi ";"
#289 TObjectId "out_string"
#289 TLparen "("
#289 TStrConst "\t1: A cross\n"
#289 TRparen ")"
#289 TSemi ";"
#290 TObjectId "out_string"
#290 TLparen "("
#290 TStrConst "\t2: A slash from the upper left to lower right\n"
#290 TRparen ")"
#290 TSemi ";"
#291 TObjectId "out_string"
#291 TLparen "("
#291 TStrConst "\t3: A slash from the upper right to lower left\n"
#291 TRparen ")"
#291 TSemi ";"
#292 TObjectId "out_string"
#292 TLparen "("
#292 TStrConst "\t4: An X\n"
#292 TRparen ")"
#292 TSemi ";"
#293 TObjectId "out_string"
#293 TLparen "("
#293 TStrConst "\t5: A greater than sign \n"
#293 TRparen ")"
#293 TSemi ";"
#294 TObjectId "out_string"
#294 TLparen "("
#294 TStrConst "\t6: A less than sign\n"
#294 TRparen ")"
#294 TSemi ";"
#295 TObjectId "out_string"
#295 TLparen "("
#295 TStrConst "\t7: Two greater than signs\n"
#295 TRparen ")"
#295 TSemi ";"
#296 TObjectId "out_string"
#296 TLparen "("
#296 TStrConst "\t8: Two less than signs\n"
#296 TRparen ")"
#296 TSemi ";"
#297 TObjectId "out_string"
#297 TLparen "("
#297 TStrConst "\t9: A 'V'\n"
#297 TRparen ")"
#297 TSemi ";"
#298 TObjectId "out_string"
#298 TLparen "("
#298 TStrConst "\t10: An inverse 'V'\n"
#298 TRparen ")"
#298 TSemi ";"
#299 TObjectId "out_string"
#299 TLparen "("
#299 TStrConst "\t11: Numbers 9 and 10 combined\n"
#299 TRparen ")"
#299 TSemi ";"
#300 TObjectId "out_string"
#300 TLparen "("
#300 TStrConst "\t12: A full grid\n"
#300 TRparen ")"
#300 TSemi ";"
#301 TObjectId "out_string"
#301 TLparen "("
#301 TStrConst "\t13: A 'T'\n"
#301 TRparen ")"
#301 TSemi ";"
#302 TObjectId "out_string"
#302 TLparen "("
#302 TStrConst "\t14: A plus '+'\n"
#302 TRparen ")"
#302 TSemi ";"
#303 TObjectId "out_string"
#303 TLparen "("
#303 TStrConst "\t15: A 'W'\n"
#303 TRparen ")"
#303 TSemi ";"
#304 TObjectId "out_string"
#304 TLparen "("
#304 TStrConst "\t16: An 'M'\n"
#304 TRparen ")"
#304 TSemi ";"
#305 TObjectId "out_string"
#305 TLparen "("
#305 TStrConst "\t17: An 'E'\n"
#305 TRparen ")"
#305 TSemi ";"
#306 TObjectId "out_string"
#306 TLparen "("
#306 TStrConst "\t18: A '3'\n"
#306 TRparen ")"
#306 TSemi ";"
#307 TObjectId "out_string"
#307 TLparen "("
#307 TStrConst "\t19: An 'O'\n"
#307 TRparen ")"
#307 TSemi ";"
#308 TObjectId "out_string"
#308 TLparen "("
#308 TStrConst "\t20: An '8'\n"
#308 TRparen ")"
#308 TSemi ";"
#309 TObjectId "out_string"
#309 TLparen "("
#309 TStrConst "\t21: An 'S'\n"
#309 TRparen ")"
#309 TSemi ";"
#310 TObjectId "out_string"
#310 TLparen "("
#310 TStrConst "Your choice => "
#310 TRparen ")"
#310 TSemi ";"
#311 TObjectId "num"
#311 TAssign "<-"
#311 TObjectId "in_int"
#311 TLparen "("
#311 TRparen ")"
#311 TSemi ";"
#312 TObjectId "out_string"
#312 TLparen "("
#312 TStrConst "\n"
#312 TRparen ")"
#312 TSemi ";"
#313 TIf "if"
#313 TObjectId "num"
#313 TEq "="
#313 TIntConst "1"
#313 TThen "then"
#314 TStrConst " XX  XXXX XXXX  XX  "
#315 TElse "else"
#315 TIf "if"
#315 TObjectId "num"
#315 TEq "="
#315 TIntConst "2"
#315 TThen "then"
#316 TStrConst "    X   X   X   X   X    "
#317 TElse "else"
#317 TIf "if"
#317 TObjectId "num"
#317 TEq "="
#317 TIntConst "3"
#317 TThen "then"
#318 TStrConst "X     X     X     X     X"
#319 TElse "else"
#319 TIf "if"
#319 TObjectId "num"
#319 TEq "="
#319 TIntConst "4"
#319 TThen "then"
#320 TStrConst "X   X X X   X   X X X   X"
#321 TElse "else"
#321 TIf "if"
#321 TObjectId "num"
#321 TEq "="
#321 TIntConst "5"
#321 TThen "then"
#322 TStrConst "X     X     X   X   X    "
#323 TElse "else"
#323 TIf "if"
#323 TObjectId "num"
#323 TEq "="
#323 TIntConst "6"
#323 TThen "then"
#324 TStrConst "    X   X   X     X     X"
#325 TElse "else"
#325 TIf "if"
#325 TObjectId "num"
#325 TEq "="
#325 TIntConst "7"
#325 TThen "then"
#326 TStrConst "X  X  X  XX  X      "
#327 TElse "else"
#327 TIf "if"
#327 TObjectId "num"
#327 TEq "="
#327 TIntConst "8"
#327 TThen "then"
#328 TStrConst " X  XX  X  X  X     "
#329 TElse "else"
#329 TIf "if"
#329 TObjectId "num"
#329 TEq "="
#329 TIntConst "9"
#329 TThen "then"
#330 TStrConst "X   X X X   X  "
#331 TElse "else"
#331 TIf "if"
#331 TObjectId "num"
#331 TEq "="
#331 TIntConst "10"
#331 TThen "then"
#332 TStrConst "  X   X X X   X"
#333 TElse "else"
#333 TIf "if"
#333 TObjectId "num"
#333 TEq "="
#333 TIntConst "11"
#333 TThen "then"
#334 TStrConst "X X X X X X X X"
#335 TElse "else"
#335 TIf "if"
#335 TObjectId "num"
#335 TEq "="
#335 TIntConst "12"
#335 TThen "then"
#336 TStrConst "XXXXXXXXXXXXXXXXXXXXXXXXX"
#337 TElse "else"
#337 TIf "if"
#337 TObjectId "num"
#337 TEq "="
#337 TIntConst "13"
#337 TThen "then"
#338 TStrConst "XXXXX  X    X    X    X  "
#339 TElse "else"
#339 TIf "if"
#339 TObjectId "num"
#339 TEq "="
#339 TIntConst "14"
#339 TThen "then"
#340 TStrConst "  X    X  XXXXX  X    X  "
#341 TElse "else"
#341 TIf "if"
#341 TObjectId "num"
#341 TEq "="
#341 TIntConst "15"
#341 TThen "then"
#342 TStrConst "X     X X X X   X X  "
#343 TElse "else"
#343 TIf "if"
#343 TObjectId "num"
#343 TEq "="
#343 TIntConst "16"
#343 TThen "then"
#344 TStrConst "  X X   X X X X     X"
#345 TElse "else"
#345 TIf "if"
#345 TObjectId "num"
#345 TEq "="
#345 TIntConst "17"
#345 TThen "then"
#346 TStrConst "XXXXX   X   XXXXX   X   XXXX"
#347 TElse "else"
#347 TIf "if"
#347 TObjectId "num"
#347 TEq "="
#347 TIntConst "18"
#347 TThen "then"
#348 TStrConst "XXX    X   X  X    X   XXXX "
#349 TElse "else"
#349 TIf "if"
#349 TObjectId "num"
#349 TEq "="
#349 TIntConst "19"
#349 TThen "then"
#350 TStrConst " XX X  XX  X XX "
#351 TElse "else"
#351 TIf "if"
#351 TObjectId "num"
#351 TEq "="
#351 TIntConst "20"
#351 TThen "then"
#352 TStrConst " XX X  XX  X XX X  XX  X XX "
#353 TElse "else"
#353 TIf "if"
#353 TObjectId "num"
#353 TEq "="
#353 TIntConst "21"
#353 TThen "then"
#354 TStrConst " XXXX   X    XX    X   XXXX "
#355 TElse "else"
#356 TStrConst "                         "
#357 TFi "fi"
#357 TFi "fi"
#357 TFi "fi"
#357 TFi "fi"
#357 TFi "fi"
#357 TFi "fi"
#357 TFi "fi"
#357 TFi "fi"
#357 TFi "fi"
#357 TFi "fi"
#357 TFi "fi"
#357 TFi "fi"
#357 TFi "fi"
#357 TFi "fi"
#357 TFi "fi"
#357 TFi "fi"
#357 TFi "fi"
#357 TFi "fi"
#357 TFi "fi"
#357 TFi "fi"
#357 TFi "fi"
#357 TSemi ";"
#358 TRbrace "}"
#359 TRparen ")"
#359 TSemi ";"
#360 TRbrace "}"
#361 TRbrace "}"
#361 TSemi ";"
#366 TObjectId "prompt"
#366 TLparen "("
#366 TRparen ")"
#366 TColon ":"
#366 TTypeId "Bool"
#366 TLbrace "{"
#367 TLbrace "{"
#368 TLparen "("
#368 TLet "let"
#368 TObjectId "ans"
#368 TColon ":"
#368 TTypeId "String"
#368 TIn "in"
#369 TLbrace "{"
#370 TObjectId "out_string"
#370 TLparen "("
#370 TStrConst "Would you like to continue with the next generation? \n"
#370 TRparen ")"
#370 TSemi ";"
#371 TObjectId "out_string"
#371 TLparen "("
#371 TStrConst "Please use lowercase y or n for your answer [y]: "
#371 TRparen ")"
#371 TSemi ";"
#372 TObjectId "ans"
#372 TAssign "<-"
#372 TObjectId "in_string"
#372 TLparen "("
#372 TRparen ")"
#372 TSemi ";"
#373 TObjectId "out_string"
#373 TLparen "("
#373 TStrConst "\n"
#373 TRparen ")"
#373 TSemi ";"
#374 TIf "if"
#374 TObjectId "ans"
#374 TEq "="
#374 TStrConst "n"
#374 TThen "then"
#375 TBoolConst "false"
#376 TElse "else"
#377 TBoolConst "true"
#378 TFi "fi"
#378 TSemi ";"
#379 TRbrace "}"
#380 TRparen ")"
#380 TSemi ";"
#381 TRbrace "}"
#382 TRbrace "}"
#382 TSemi ";"
#385 TObjectId "prompt2"
#385 TLparen "("
#385 TRparen ")"
#385 TColon ":"
#385 TTypeId "Bool"
#385 TLbrace "{"
#386 TLparen "("
#386 TLet "let"
#386 TObjectId "ans"
#386 TColon ":"
#386 TTypeId "String"
#386 TIn "in"
#387 TLbrace "{"
#388 TObjectId "out_string"
#388 TLparen "("
#388 TStrConst "\n\n"
#388 TRparen ")"
#388 TSemi ";"
#389 TObjectId "out_string"
#389 TLparen "("
#389 TStrConst "Would you like to choose a background pattern? \n"
#389 TRparen ")"
#389 TSemi ";"
#390 TObjectId "out_string"
#390 TLparen "("
#390 TStrConst "Please use lowercase y or n for your answer [n]: "
#390 TRparen ")"
#390 TSemi ";"
#391 TObjectId "ans"
#391 TAssign "<-"
#391 TObjectId "in_string"
#391 TLparen "("
#391 TRparen ")"
#391 TSemi ";"
#392 TIf "if"
#392 TObjectId "ans"
#392 TEq "="
#392 TStrConst "y"
#392 TThen "then"
#393 TBoolConst "true"
#394 TElse "else"
#395 TBoolConst "false"
#396 TFi "fi"
#396 TSemi ";"
#397 TRbrace "}"
#398 TRparen ")"
#399 TRbrace "}"
#399 TSemi ";"
#402 TRbrace "}"
#402 TSemi ";"
#404 TKlass "class"
#404 TTypeId "Main"
#404 TInherits "inherits"
#404 TTypeId "CellularAutomaton"
#404 TLbrace "{"
#405 TObjectId "cells"
#405 TColon ":"
#405 TTypeId "CellularAutomaton"
#405 TSemi ";"
#407 TObjectId "main"
#407 TLparen "("
#407 TRparen ")"
#407 TColon ":"
#407 TTypeId "SELF_TYPE"
#407 TLbrace "{"
#408 TLbrace "{"
#409 TLparen "("
#409 TLet "let"
#409 TObjectId "continue"
#409 TColon ":"
#409 TTypeId "Bool"
#409 TIn "in"
#410 TLparen "("
#410 TLet "let"
#410 TObjectId "choice"
#410 TColon ":"
#410 TTypeId "String"
#410 TIn "in"
#411 TLbrace "{"
#412 TObjectId "out_string"
#412 TLparen "("
#412 TStrConst "Welcome to the Game of Life.\n"
#412 TRparen ")"
#412 TSemi ";"
#413 TObjectId "out_string"
#413 TLparen "("
#413 TStrConst "There are many initial states to choose from. \n"
#413 TRparen ")"
#413 TSemi ";"
#414 TWhile "while"
#414 TObjectId "prompt2"
#414 TLparen "("
#414 TRparen ")"
#414 TLoop "loop"
#415 TLbrace "{"
#416 TObjectId "continue"
#416 TAssign "<-"
#416 TBoolConst "true"
#416 TSemi ";"
#417 TObjectId "choice"
#417 TAssign "<-"
#417 TObjectId "option"
#417 TLparen "("
#417 TRparen ")"
#417 TSemi ";"
#418 TObjectId "cells"
#418 TAssign "<-"
#418 TLparen "("
#418 TNew "new"
#418 TTypeId "CellularAutomaton"
#418 TRparen ")"
#418 TDot "."
#418 TObjectId "init"
#418 TLparen "("
#418 TObjectId "choice"
#418 TRparen ")"
#418 TSemi ";"
#419 TObjectId "cells"
#419 TDot "."
#419 TObjectId "print"
#419 TLparen "("
#419 TRparen ")"
#419 TSemi ";"
#420 TWhile "while"
#420 TObjectId "continue"
#420 TLoop "loop"
#421 TIf "if"
#421 TObjectId "prompt"
#421 TLparen "("
#421 TRparen ")"
#421 TThen "then"
#422 TLbrace "{"
#423 TObjectId "cells"
#423 TDot "."
#423 TObjectId "evolve"
#423 TLparen "("
#423 TRparen ")"
#423 TSemi ";"
#424 TObjectId "cells"
#424 TDot "."
#424 TObjectId "print"
#424 TLparen "("
#424 TRparen ")"
#424 TSemi ";"
#425 TRbrace "}"
#426 TElse "else"
#427 TObjectId "continue"
#427 TAssign "<-"
#427 TBoolConst "false"
#428 TFi "fi"
#429 TPool "pool"
#429 TSemi ";"
#430 TRbrace "}"
#431 TPool "pool"
#431 TSemi ";"
#432 TObjectId "self"
#432 TSemi ";"
#433 TRbrace "}"
#433 TRparen ")"
#433 TRparen ")"
#433 TSemi ";"
#433 TRbrace "}"
#434 TRbrace "}"
#434 TSemi ";"
#435 TRbrace "}"
#435 TSemi ";"
