#name src/test/resources/scanner/input/new_complex.cool
#1 TKlass "class"
#1 TTypeId "Main"
#1 TInherits "inherits"
#1 TTypeId "IO"
#1 TLbrace "{"
#2 TObjectId "main"
#2 TLparen "("
#2 TRparen ")"
#2 TColon ":"
#2 TTypeId "SELF_TYPE"
#2 TLbrace "{"
#3 TLparen "("
#3 TLet "let"
#3 TObjectId "c"
#3 TColon ":"
#3 TTypeId "Complex"
#3 TAssign "<-"
#3 TLparen "("
#3 TNew "new"
#3 TTypeId "Complex"
#3 TRparen ")"
#3 TDot "."
#3 TObjectId "init"
#3 TLparen "("
#3 TIntConst "1"
#3 TComma ","
#3 TIntConst "1"
#3 TRparen ")"
#3 TIn "in"
#4 TLbrace "{"
#6 TIf "if"
#6 TObjectId "c"
#6 TDot "."
#6 TObjectId "reflect_X"
#6 TLparen "("
#6 TRparen ")"
#6 TEq "="
#6 TObjectId "c"
#6 TDot "."
#6 TObjectId "reflect_0"
#6 TLparen "("
#6 TRparen ")"
#7 TThen "then"
#7 TObjectId "out_string"
#7 TLparen "("
#7 TStrConst "=)\n"
#7 TRparen ")"
#8 TElse "else"
#8 TObjectId "out_string"
#8 TLparen "("
#8 TStrConst "=(\n"
#8 TRparen ")"
#9 TFi "fi"
#9 TSemi ";"
#11 TIf "if"
#11 TObjectId "c"
#11 TDot "."
#11 TObjectId "reflect_X"
#11 TLparen "("
#11 TRparen ")"
#11 TDot "."
#11 TObjectId "reflect_Y"
#11 TLparen "("
#11 TRparen ")"
#11 TDot "."
#11 TObjectId "equal"
#11 TLparen "("
#11 TObjectId "c"
#11 TDot "."
#11 TObjectId "reflect_0"
#11 TLparen "("
#11 TRparen ")"
#11 TRparen ")"
#12 TThen "then"
#12 TObjectId "out_string"
#12 TLparen "("
#12 TStrConst "=)\n"
#12 TRparen ")"
#13 TElse "else"
#13 TObjectId "out_string"
#13 TLparen "("
#13 TStrConst "=(\n"
#13 TRparen ")"
#14 TFi "fi"
#14 TSemi ";"
#15 TRbrace "}"
#16 TRparen ")"
#17 TRbrace "}"
#17 TSemi ";"
#18 TRbrace "}"
#18 TSemi ";"
#20 TKlass "class"
#20 TTypeId "Complex"
#20 TInherits "inherits"
#20 TTypeId "IO"
#20 TLbrace "{"
#21 TObjectId "x"
#21 TColon ":"
#21 TTypeId "Int"
#21 TSemi ";"
#22 TObjectId "y"
#22 TColon ":"
#22 TTypeId "Int"
#22 TSemi ";"
#24 TObjectId "init"
#24 TLparen "("
#24 TObjectId "a"
#24 TColon ":"
#24 TTypeId "Int"
#24 TComma ","
#24 TObjectId "b"
#24 TColon ":"
#24 TTypeId "Int"
#24 TRparen ")"
#24 TColon ":"
#24 TTypeId "Complex"
#24 TLbrace "{"
#25 TLbrace "{"
#26 TObjectId "x"
#26 TEq "="
#26 TObjectId "a"
#26 TSemi ";"
#27 TObjectId "y"
#27 TEq "="
#27 TObjectId "b"
#27 TSemi ";"
#28 TObjectId "self"
#28 TSemi ";"
#29 TRbrace "}"
#30 TRbrace "}"
#30 TSemi ";"
#32 TObjectId "print"
#32 TLparen "("
#32 TRparen ")"
#32 TColon ":"
#32 TTypeId "Object"
#32 TLbrace "{"
#33 TIf "if"
#33 TObjectId "y"
#33 TEq "="
#33 TIntConst "0"
#34 TThen "then"
#34 TObjectId "out_int"
#34 TLparen "("
#34 TObjectId "x"
#34 TRparen ")"
#35 TElse "else"
#35 TObjectId "out_int"
#35 TLparen "("
#35 TObjectId "x"
#35 TRparen ")"
#35 TDot "."
#35 TObjectId "out_string"
#35 TLparen "("
#35 TStrConst "+"
#35 TRparen ")"
#35 TDot "."
#35 TObjectId "out_int"
#35 TLparen "("
#35 TObjectId "y"
#35 TRparen ")"
#35 TDot "."
#35 TObjectId "out_string"
#35 TLparen "("
#35 TStrConst "I"
#35 TRparen ")"
#36 TFi "fi"
#37 TRbrace "}"
#37 TSemi ";"
#39 TObjectId "reflect_0"
#39 TLparen "("
#39 TRparen ")"
#39 TColon ":"
#39 TTypeId "Complex"
#39 TLbrace "{"
#40 TLbrace "{"
#41 TObjectId "x"
#41 TEq "="
#41 TNeg "~"
#41 TObjectId "x"
#41 TSemi ";"
#42 TObjectId "y"
#42 TEq "="
#42 TNeg "~"
#42 TObjectId "y"
#42 TSemi ";"
#43 TObjectId "self"
#43 TSemi ";"
#44 TRbrace "}"
#45 TRbrace "}"
#45 TSemi ";"
#47 TObjectId "reflect_X"
#47 TLparen "("
#47 TRparen ")"
#47 TColon ":"
#47 TTypeId "Complex"
#47 TLbrace "{"
#48 TLbrace "{"
#49 TObjectId "y"
#49 TEq "="
#49 TNeg "~"
#49 TObjectId "y"
#49 TSemi ";"
#50 TObjectId "self"
#50 TSemi ";"
#51 TRbrace "}"
#52 TRbrace "}"
#52 TSemi ";"
#54 TObjectId "reflect_Y"
#54 TLparen "("
#54 TRparen ")"
#54 TColon ":"
#54 TTypeId "Complex"
#54 TLbrace "{"
#55 TLbrace "{"
#56 TObjectId "x"
#56 TEq "="
#56 TNeg "~"
#56 TObjectId "x"
#56 TSemi ";"
#57 TObjectId "self"
#57 TSemi ";"
#58 TRbrace "}"
#59 TRbrace "}"
#59 TSemi ";"
#61 TObjectId "equal"
#61 TLparen "("
#61 TObjectId "d"
#61 TColon ":"
#61 TTypeId "Complex"
#61 TRparen ")"
#61 TColon ":"
#61 TTypeId "Bool"
#61 TLbrace "{"
#62 TIf "if"
#62 TObjectId "x"
#62 TEq "="
#62 TObjectId "d"
#62 TDot "."
#62 TObjectId "x_value"
#62 TLparen "("
#62 TRparen ")"
#63 TThen "then"
#64 TIf "if"
#64 TObjectId "y"
#64 TEq "="
#64 TObjectId "d"
#64 TDot "."
#64 TObjectId "y_value"
#64 TLparen "("
#64 TRparen ")"
#65 TThen "then"
#65 TBoolConst "true"
#66 TElse "else"
#66 TBoolConst "false"
#67 TFi "fi"
#68 TElse "else"
#68 TBoolConst "false"
#69 TFi "fi"
#70 TRbrace "}"
#70 TSemi ";"
#72 TObjectId "x_value"
#72 TLparen "("
#72 TRparen ")"
#72 TColon ":"
#72 TTypeId "Int"
#72 TLbrace "{"
#73 TObjectId "x"
#74 TRbrace "}"
#74 TSemi ";"
#76 TObjectId "y_value"
#76 TLparen "("
#76 TRparen ")"
#76 TColon ":"
#76 TTypeId "Int"
#76 TLbrace "{"
#77 TObjectId "y"
#78 TRbrace "}"
#78 TSemi ";"
#79 TRbrace "}"
#79 TSemi ";"
