#name src/test/resources/scanner/input/palindrome.cool
#1 TKlass "class"
#1 TTypeId "Main"
#1 TInherits "inherits"
#1 TTypeId "IO"
#1 TLbrace "{"
#2 TObjectId "pal"
#2 TLparen "("
#2 TObjectId "s"
#2 TColon ":"
#2 TTypeId "String"
#2 TRparen ")"
#2 TColon ":"
#2 TTypeId "Bool"
#2 TLbrace "{"
#3 TIf "if"
#3 TObjectId "s"
#3 TDot "."
#3 TObjectId "length"
#3 TLparen "("
#3 TRparen ")"
#3 TEq "="
#3 TIntConst "0"
#4 TThen "then"
#4 TBoolConst "true"
#5 TElse "else"
#5 TIf "if"
#5 TObjectId "s"
#5 TDot "."
#5 TObjectId "length"
#5 TLparen "("
#5 TRparen ")"
#5 TEq "="
#5 TIntConst "1"
#6 TThen "then"
#6 TBoolConst "true"
#7 TElse "else"
#7 TIf "if"
#7 TObjectId "s"
#7 TDot "."
#7 TObjectId "substr"
#7 TLparen "("
#7 TIntConst "0"
#7 TComma ","
#7 TIntConst "1"
#7 TRparen ")"
#7 TEq "="
#7 TObjectId "s"
#7 TDot "."
#7 TObjectId "substr"
#7 TLparen "("
#7 TObjectId "s"
#7 TDot "."
#7 TObjectId "length"
#7 TLparen "("
#7 TRparen ")"
#7 TMinus "-"
#7 TIntConst "1"
#7 TComma ","
#7 TIntConst "1"
#7 TRparen ")"
#8 TThen "then"
#8 TObjectId "pal"
#8 TLparen "("
#8 TObjectId "s"
#8 TDot "."
#8 TObjectId "substr"
#8 TLparen "("
#8 TIntConst "1"
#8 TComma ","
#8 TObjectId "s"
#8 TDot "."
#8 TObjectId "length"
#8 TLparen "("
#8 TRparen ")"
#8 TMinus "-"
#8 TIntConst "2"
#8 TRparen ")"
#8 TRparen ")"
#9 TElse "else"
#9 TBoolConst "false"
#10 TFi "fi"
#10 TFi "fi"
#10 TFi "fi"
#11 TRbrace "}"
#11 TSemi ";"
#13 TObjectId "i"
#13 TColon ":"
#13 TTypeId "Int"
#13 TSemi ";"
#15 TObjectId "main"
#15 TLparen "("
#15 TRparen ")"
#15 TColon ":"
#15 TTypeId "SELF_TYPE"
#15 TLbrace "{"
#16 TLbrace "{"
#17 TObjectId "i"
#17 TAssign "<-"
#17 TNeg "~"
#17 TIntConst "1"
#17 TSemi ";"
#18 TObjectId "out_string"
#18 TLparen "("
#18 TStrConst "enter a string\n"
#18 TRparen ")"
#18 TSemi ";"
#19 TIf "if"
#19 TObjectId "pal"
#19 TLparen "("
#19 TObjectId "in_string"
#19 TLparen "("
#19 TRparen ")"
#19 TRparen ")"
#20 TThen "then"
#20 TObjectId "out_string"
#20 TLparen "("
#20 TStrConst "that was a palindrome\n"
#20 TRparen ")"
#21 TElse "else"
#21 TObjectId "out_string"
#21 TLparen "("
#21 TStrConst "that was not a palindrome\n"
#21 TRparen ")"
#22 TFi "fi"
#22 TSemi ";"
#23 TRbrace "}"
#24 TRbrace "}"
#24 TSemi ";"
#25 TRbrace "}"
#25 TSemi ";"
