#name src/test/resources/scanner/input/sort_list.cl.cool
#24 TKlass "Class"
#24 TTypeId "List"
#24 TInherits "inherits"
#24 TTypeId "IO"
#24 TLbrace "{"
#28 TObjectId "isNil"
#28 TLparen "("
#28 TRparen ")"
#28 TColon ":"
#28 TTypeId "Bool"
#28 TLbrace "{"
#28 TLbrace "{"
#28 TObjectId "abort"
#28 TLparen "("
#28 TRparen ")"
#28 TSemi ";"
#28 TBoolConst "true"
#28 TSemi ";"
#28 TRbrace "}"
#28 TRbrace "}"
#28 TSemi ";"
#30 TObjectId "cons"
#30 TLparen "("
#30 TObjectId "hd"
#30 TColon ":"
#30 TTypeId "Int"
#30 TRparen ")"
#30 TColon ":"
#30 TTypeId "Cons"
#30 TLbrace "{"
#31 TLparen "("
#31 TLet "let"
#31 TObjectId "new_cell"
#31 TColon ":"
#31 TTypeId "Cons"
#31 TAssign "<-"
#31 TNew "new"
#31 TTypeId "Cons"
#31 TIn "in"
#32 TObjectId "new_cell"
#32 TDot "."
#32 TObjectId "init"
#32 TLparen "("
#32 TObjectId "hd"
#32 TComma ","
#32 TObjectId "self"
#32 TRparen ")"
#33 TRparen ")"
#34 TRbrace "}"
#34 TSemi ";"
#41 TObjectId "car"
#41 TLparen "("
#41 TRparen ")"
#41 TColon ":"
#41 TTypeId "Int"
#41 TLbrace "{"
#41 TLbrace "{"
#41 TObjectId "abort"
#41 TLparen "("
#41 TRparen ")"
#41 TSemi ";"
#41 TNew "new"
#41 TTypeId "Int"
#41 TSemi ";"
#41 TRbrace "}"
#41 TRbrace "}"
#41 TSemi ";"
#43 TObjectId "cdr"
#43 TLparen "("
#43 TRparen ")"
#43 TColon ":"
#43 TTypeId "List"
#43 TLbrace "{"
#43 TLbrace "{"
#43 TObjectId "abort"
#43 TLparen "("
#43 TRparen ")"
#43 TSemi ";"
#43 TNew "new"
#43 TTypeId "List"
#43 TSemi ";"
#43 TRbrace "}"
#43 TRbrace "}"
#43 TSemi ";"
#45 TObjectId "rev"
#45 TLparen "("
#45 TRparen ")"
#45 TColon ":"
#45 TTypeId "List"
#45 TLbrace "{"
#45 TObjectId "cdr"
#45 TLparen "("
#45 TRparen ")"
#45 TRbrace "}"
#45 TSemi ";"
#47 TObjectId "sort"
#47 TLparen "("
#47 TRparen ")"
#47 TColon ":"
#47 TTypeId "List"
#47 TLbrace "{"
#47 TObjectId "cdr"
#47 TLparen "("
#47 TRparen ")"
#47 TRbrace "}"
#47 TSemi ";"
#49 TObjectId "insert"
#49 TLparen "("
#49 TObjectId "i"
#49 TColon ":"
#49 TTypeId "Int"
#49 TRparen ")"
#49 TColon ":"
#49 TTypeId "List"
#49 TLbrace "{"
#49 TObjectId "cdr"
#49 TLparen "("
#49 TRparen ")"
#49 TRbrace "}"
#49 TSemi ";"
#51 TObjectId "rcons"
#51 TLparen "("
#51 TObjectId "i"
#51 TColon ":"
#51 TTypeId "Int"
#51 TRparen ")"
#51 TColon ":"
#51 TTypeId "List"
#51 TLbrace "{"
#51 TObjectId "cdr"
#51 TLparen "("
#51 TRparen ")"
#51 TRbrace "}"
#51 TSemi ";"
#53 TObjectId "print_list"
#53 TLparen "("
#53 TRparen ")"
#53 TColon ":"
#53 TTypeId "Object"
#53 TLbrace "{"
#53 TObjectId "abort"
#53 TLparen "("
#53 TRparen ")"
#53 TRbrace "}"
#53 TSemi ";"
#54 TRbrace "}"
#54 TSemi ";"
#56 TKlass "Class"
#56 TTypeId "Cons"
#56 TInherits "inherits"
#56 TTypeId "List"
#56 TLbrace "{"
#57 TObjectId "xcar"
#57 TColon ":"
#57 TTypeId "Int"
#57 TSemi ";"
#58 TObjectId "xcdr"
#58 TColon ":"
#58 TTypeId "List"
#58 TSemi ";"
#62 TObjectId "isNil"
#62 TLparen "("
#62 TRparen ")"
#62 TColon ":"
#62 TTypeId "Bool"
#62 TLbrace "{"
#62 TBoolConst "false"
#62 TRbrace "}"
#62 TSemi ";"
#64 TObjectId "init"
#64 TLparen "("
#64 TObjectId "hd"
#64 TColon ":"
#64 TTypeId "Int"
#64 TComma ","
#64 TObjectId "tl"
#64 TColon ":"
#64 TTypeId "List"
#64 TRparen ")"
#64 TColon ":"
#64 TTypeId "Cons"
#64 TLbrace "{"
#65 TLbrace "{"
#66 TObjectId "xcar"
#66 TAssign "<-"
#66 TObjectId "hd"
#66 TSemi ";"
#67 TObjectId "xcdr"
#67 TAssign "<-"
#67 TObjectId "tl"
#67 TSemi ";"
#68 TObjectId "self"
#68 TSemi ";"
#69 TRbrace "}"
#70 TRbrace "}"
#70 TSemi ";"
#72 TObjectId "car"
#72 TLparen "("
#72 TRparen ")"
#72 TColon ":"
#72 TTypeId "Int"
#72 TLbrace "{"
#72 TObjectId "xcar"
#72 TRbrace "}"
#72 TSemi ";"
#74 TObjectId "cdr"
#74 TLparen "("
#74 TRparen ")"
#74 TColon ":"
#74 TTypeId "List"
#74 TLbrace "{"
#74 TObjectId "xcdr"
#74 TRbrace "}"
#74 TSemi ";"
#76 TObjectId "rev"
#76 TLparen "("
#76 TRparen ")"
#76 TColon ":"
#76 TTypeId "List"
#76 TLbrace "{"
#76 TLparen "("
#76 TObjectId "xcdr"
#76 TDot "."
#76 TObjectId "rev"
#76 TLparen "("
#76 TRparen ")"
#76 TRparen ")"
#76 TDot "."
#76 TObjectId "rcons"
#76 TLparen "("
#76 TObjectId "xcar"
#76 TRparen ")"
#76 TRbrace "}"
#76 TSemi ";"
#78 TObjectId "sort"
#78 TLparen "("
#78 TRparen ")"
#78 TColon ":"
#78 TTypeId "List"
#78 TLbrace "{"
#78 TLparen "("
#78 TObjectId "xcdr"
#78 TDot "."
#78 TObjectId "sort"
#78 TLparen "("
#78 TRparen ")"
#78 TRparen ")"
#78 TDot "."
#78 TObjectId "insert"
#78 TLparen "("
#78 TObjectId "xcar"
#78 TRparen ")"
#78 TRbrace "}"
#78 TSemi ";"
#80 TObjectId "insert"
#80 TLparen "("
#80 TObjectId "i"
#80 TColon ":"
#80 TTypeId "Int"
#80 TRparen ")"
#80 TColon ":"
#80 TTypeId "List"
#80 TLbrace "{"
#81 TIf "if"
#81 TObjectId "i"
#81 TLt "<"
#81 TObjectId "xcar"
#81 TThen "then"
#82 TLparen "("
#82 TNew "new"
#82 TTypeId "Cons"
#82 TRparen ")"
#82 TDot "."
#82 TObjectId "init"
#82 TLparen "("
#82 TObjectId "i"
#82 TComma ","
#82 TObjectId "self"
#82 TRparen ")"
#83 TElse "else"
#84 TLparen "("
#84 TNew "new"
#84 TTypeId "Cons"
#84 TRparen ")"
#84 TDot "."
#84 TObjectId "init"
#84 TLparen "("
#84 TObjectId "xcar"
#84 TComma ","
#84 TObjectId "xcdr"
#84 TDot "."
#84 TObjectId "insert"
#84 TLparen "("
#84 TObjectId "i"
#84 TRparen ")"
#84 TRparen ")"
#85 TFi "fi"
#86 TRbrace "}"
#86 TSemi ";"
#89 TObjectId "rcons"
#89 TLparen "("
#89 TObjectId "i"
#89 TColon ":"
#89 TTypeId "Int"
#89 TRparen ")"
#89 TColon ":"
#89 TTypeId "List"
#89 TLbrace "{"
#89 TLparen "("
#89 TNew "new"
#89 TTypeId "Cons"
#89 TRparen ")"
#89 TDot "."
#89 TObjectId "init"
#89 TLparen "("
#89 TObjectId "xcar"
#89 TComma ","
#89 TObjectId "xcdr"
#89 TDot "."
#89 TObjectId "rcons"
#89 TLparen "("
#89 TObjectId "i"
#89 TRparen ")"
#89 TRparen ")"
#89 TRbrace "}"
#89 TSemi ";"
#91 TObjectId "print_list"
#91 TLparen "("
#91 TRparen ")"
#91 TColon ":"
#91 TTypeId "Object"
#91 TLbrace "{"
#92 TLbrace "{"
#93 TObjectId "out_int"
#93 TLparen "("
#93 TObjectId "xcar"
#93 TRparen ")"
#93 TSemi ";"
#94 TObjectId "out_string"
#94 TLparen "("
#94 TStrConst "\n"
#94 TRparen ")"
#94 TSemi ";"
#95 TObjectId "xcdr"
#95 TDot "."
#95 TObjectId "print_list"
#95 TLparen "("
#95 TRparen ")"
#95 TSemi ";"
#96 TRbrace "}"
#97 TRbrace "}"
#97 TSemi ";"
#98 TRbrace "}"
#98 TSemi ";"
#100 TKlass "Class"
#100 TTypeId "Nil"
#100 TInherits "inherits"
#100 TTypeId "List"
#100 TLbrace "{"
#101 TObjectId "isNil"
#101 TLparen "("
#101 TRparen ")"
#101 TColon ":"
#101 TTypeId "Bool"
#101 TLbrace "{"
#101 TBoolConst "true"
#101 TRbrace "}"
#101 TSemi ";"
#103 TObjectId "rev"
#103 TLparen "("
#103 TRparen ")"
#103 TColon ":"
#103 TTypeId "List"
#103 TLbrace "{"
#103 TObjectId "self"
#103 TRbrace "}"
#103 TSemi ";"
#105 TObjectId "sort"
#105 TLparen "("
#105 TRparen ")"
#105 TColon ":"
#105 TTypeId "List"
#105 TLbrace "{"
#105 TObjectId "self"
#105 TRbrace "}"
#105 TSemi ";"
#107 TObjectId "insert"
#107 TLparen "("
#107 TObjectId "i"
#107 TColon ":"
#107 TTypeId "Int"
#107 TRparen ")"
#107 TColon ":"
#107 TTypeId "List"
#107 TLbrace "{"
#107 TObjectId "rcons"
#107 TLparen "("
#107 TObjectId "i"
#107 TRparen ")"
#107 TRbrace "}"
#107 TSemi ";"
#109 TObjectId "rcons"
#109 TLparen "("
#109 TObjectId "i"
#109 TColon ":"
#109 TTypeId "Int"
#109 TRparen ")"
#109 TColon ":"
#109 TTypeId "List"
#109 TLbrace "{"
#109 TLparen "("
#109 TNew "new"
#109 TTypeId "Cons"
#109 TRparen ")"
#109 TDot "."
#109 TObjectId "init"
#109 TLparen "("
#109 TObjectId "i"
#109 TComma ","
#109 TObjectId "self"
#109 TRparen ")"
#109 TRbrace "}"
#109 TSemi ";"
#111 TObjectId "print_list"
#111 TLparen "("
#111 TRparen ")"
#111 TColon ":"
#111 TTypeId "Object"
#111 TLbrace "{"
#111 TBoolConst "true"
#111 TRbrace "}"
#111 TSemi ";"
#113 TRbrace "}"
#113 TSemi ";"
#116 TKlass "Class"
#116 TTypeId "Main"
#116 TInherits "inherits"
#116 TTypeId "IO"
#116 TLbrace "{"
#118 TObjectId "l"
#118 TColon ":"
#118 TTypeId "List"
#118 TSemi ";"
#121 TObjectId "iota"
#121 TLparen "("
#121 TObjectId "i"
#121 TColon ":"
#121 TTypeId "Int"
#121 TRparen ")"
#121 TColon ":"
#121 TTypeId "List"
#121 TLbrace "{"
#122 TLbrace "{"
#123 TObjectId "l"
#123 TAssign "<-"
#123 TNew "new"
#123 TTypeId "Nil"
#123 TSemi ";"
#124 TLparen "("
#124 TLet "let"
#124 TObjectId "j"
#124 TColon ":"
#124 TTypeId "Int"
#124 TAssign "<-"
#124 TIntConst "0"
#124 TIn "in"
#125 TWhile "while"
#125 TObjectId "j"
#125 TLt "<"
#125 TObjectId "i"
#126 TLoop "loop"
#127 TLbrace "{"
#128 TObjectId "l"
#128 TAssign "<-"
#128 TLparen "("
#128 TNew "new"
#128 TTypeId "Cons"
#128 TRparen ")"
#128 TDot "."
#128 TObjectId "init"
#128 TLparen "("
#128 TObjectId "j"
#128 TComma ","
#128 TObjectId "l"
#128 TRparen ")"
#128 TSemi ";"
#129 TObjectId "j"
#129 TAssign "<-"
#129 TObjectId "j"
#129 TPlus "+"
#129 TIntConst "1"
#129 TSemi ";"
#130 TRbrace "}"
#131 TPool "pool"
#132 TRparen ")"
#132 TSemi ";"
#133 TObjectId "l"
#133 TSemi ";"
#134 TRbrace "}"
#135 TRbrace "}"
#135 TSemi ";"
#137 TObjectId "main"
#137 TLparen "("
#137 TRparen ")"
#137 TColon ":"
#137 TTypeId "Object"
#137 TLbrace "{"
#138 TLbrace "{"
#139 TObjectId "out_string"
#139 TLparen "("
#139 TStrConst "How many numbers to sort?"
#139 TRparen ")"
#139 TSemi ";"
#140 TObjectId "iota"
#140 TLparen "("
#140 TObjectId "in_int"
#140 TLparen "("
#140 TRparen ")"
#140 TRparen ")"
#140 TDot "."
#140 TObjectId "rev"
#140 TLparen "("
#140 TRparen ")"
#140 TDot "."
#140 TObjectId "sort"
#140 TLparen "("
#140 TRparen ")"
#140 TDot "."
#140 TObjectId "print_list"
#140 TLparen "("
#140 TRparen ")"
#140 TSemi ";"
#141 TRbrace "}"
#142 TRbrace "}"
#142 TSemi ";"
#143 TRbrace "}"
#143 TSemi ";"
